#
# A fatal error has been detected by the Java Runtime Environment:
#
#  EXCEPTION_ACCESS_VIOLATION (0xc0000005) at pc=0x0000000000000000, pid=4756, tid=7208
#
# JRE version: Java(TM) SE Runtime Environment (8.0_51-b16) (build 1.8.0_51-b16)
# Java VM: Java HotSpot(TM) 64-Bit Server VM (25.51-b03 mixed mode windows-amd64 compressed oops)
# Problematic frame:
# C  0x0000000000000000
#
# Failed to write core dump. Minidumps are not enabled by default on client versions of Windows
#
# If you would like to submit a bug report, please visit:
#   http://bugreport.java.com/bugreport/crash.jsp
# The crash happened outside the Java Virtual Machine in native code.
# See problematic frame for where to report the bug.
#

---------------  T H R E A D  ---------------

Current thread (0x0000000002503800):  JavaThread "Client thread" [_thread_in_native, id=7208, stack(0x0000000002400000,0x0000000002500000)]

siginfo: ExceptionCode=0xc0000005, ExceptionInformation=0x0000000000000008 0x0000000000000000

Registers:
RAX=0x0000000000000000, RBX=0x0000000029e60000, RCX=0x0000000029e60000, RDX=0x00000000f3f548f0
RSP=0x00000000024fdfa8, RBP=0x00000000024fe070, RSI=0x0000000000000000, RDI=0x00000000f3f548f0
R8 =0x0000000000000001, R9 =0x000000002d24c190, R10=0x0000000000001d08, R11=0x0000000000000000
R12=0x0000000000000000, R13=0x00000006552f0bc8, R14=0x00000000024fe060, R15=0x0000000002503800
RIP=0x0000000000000000, EFLAGS=0x0000000000010202

Top of Stack: (sp=0x00000000024fdfa8)
0x00000000024fdfa8:   00007ff8abb093b0 0000000029e60000
0x00000000024fdfb8:   0000000000000098 0000000029e60000
0x00000000024fdfc8:   00000000024fe070 00000000f8155c85
0x00000000024fdfd8:   00007ff8abb0c11b 00000000024fe070
0x00000000024fdfe8:   0000000000000098 0000000029e60000
0x00000000024fdff8:   00000000030402ae 000000000000009a
0x00000000024fe008:   00000000056c9d83 000000003f800000
0x00000000024fe018:   000000003f800000 00000000428b0000
0x00000000024fe028:   00007ff8ab95904c 00000006552f0ba8
0x00000000024fe038:   00000007c0a9f558 00000000024fe0c0
0x00000000024fe048:   0000000003cd9d34 00000006552f0c50
0x00000000024fe058:   0000000690003e30 0000000690003e30
0x00000000024fe068:   00000006552f0c01 0000000000000001
0x00000000024fe078:   0000000005320ddc 00000006499a5168
0x00000000024fe088:   0000000643088358 00000000cab18537
0x00000000024fe098:   0000000006519d60 00000006552f1f38 

Instructions: (pc=0x0000000000000000)
0xffffffffffffffe0:   


Register to memory mapping:

RAX=0x0000000000000000 is an unknown value
RBX=0x0000000029e60000 is an unknown value
RCX=0x0000000029e60000 is an unknown value
RDX=0x00000000f3f548f0 is an unknown value
RSP=0x00000000024fdfa8 is pointing into the stack for thread: 0x0000000002503800
RBP=0x00000000024fe070 is pointing into the stack for thread: 0x0000000002503800
RSI=0x0000000000000000 is an unknown value
RDI=0x00000000f3f548f0 is an unknown value
R8 =0x0000000000000001 is an unknown value
R9 =0x000000002d24c190 is an unknown value
R10=0x0000000000001d08 is an unknown value
R11=0x0000000000000000 is an unknown value
R12=0x0000000000000000 is an unknown value
R13=0x00000006552f0bc8 is an oop
net.minecraft.util.ResourceLocation 
 - klass: 'net/minecraft/util/ResourceLocation'
R14=0x00000000024fe060 is pointing into the stack for thread: 0x0000000002503800
R15=0x0000000002503800 is a thread


Stack: [0x0000000002400000,0x0000000002500000],  sp=0x00000000024fdfa8,  free space=1015k
Native frames: (J=compiled Java code, j=interpreted, Vv=VM code, C=native code)

Java frames: (J=compiled Java code, j=interpreted, Vv=VM code)
J 22303  org.lwjgl.opengl.GL11.glCallList(I)V (0 bytes) @ 0x00000000056c9d01 [0x00000000056c9cc0+0x41]
J 25635 C2 net.minecraft.client.renderer.RenderList.func_178001_a(Lnet/minecraft/util/BlockRenderLayer;)V (294 bytes) @ 0x0000000005320ddc [0x0000000005320c40+0x19c]
J 24935 C2 net.minecraft.client.renderer.WorldRenderer.func_215323_a(Lnet/minecraft/util/BlockRenderLayer;Lnet/minecraft/client/renderer/ActiveRenderInfo;)I (452 bytes) @ 0x0000000005392330 [0x00000000053919a0+0x990]
J 28238 C2 net.minecraft.client.renderer.GameRenderer.func_181560_a(FJ)V (1874 bytes) @ 0x00000000065f8eec [0x00000000065f7480+0x1a6c]
J 27915 C2 net.minecraft.client.renderer.GameRenderer.func_195458_a(FJZ)V (1040 bytes) @ 0x0000000005608b90 [0x0000000005608580+0x610]
J 27801 C2 net.minecraft.client.Minecraft.func_195542_b(Z)V (936 bytes) @ 0x0000000006ad0544 [0x0000000006acf200+0x1344]
j  net.minecraft.client.Minecraft.func_99999_d()V+85
j  net.minecraft.client.main.Main.main([Ljava/lang/String;)V+1174
v  ~StubRoutines::call_stub
j  sun.reflect.NativeMethodAccessorImpl.invoke0(Ljava/lang/reflect/Method;Ljava/lang/Object;[Ljava/lang/Object;)Ljava/lang/Object;+0
j  sun.reflect.NativeMethodAccessorImpl.invoke(Ljava/lang/Object;[Ljava/lang/Object;)Ljava/lang/Object;+100
J 3628 C1 sun.reflect.DelegatingMethodAccessorImpl.invoke(Ljava/lang/Object;[Ljava/lang/Object;)Ljava/lang/Object; (10 bytes) @ 0x000000000306f04c [0x000000000306ef40+0x10c]
J 3627 C1 java.lang.reflect.Method.invoke(Ljava/lang/Object;[Ljava/lang/Object;)Ljava/lang/Object; (62 bytes) @ 0x0000000003070a2c [0x0000000003070640+0x3ec]
j  net.minecraftforge.fml.loading.FMLClientLaunchProvider.lambda$launchService$0(Lcpw/mods/modlauncher/api/ITransformingClassLoader;[Ljava/lang/String;)Ljava/lang/Void;+50
j  net.minecraftforge.fml.loading.FMLClientLaunchProvider$$Lambda$397.call()Ljava/lang/Object;+12
j  cpw.mods.modlauncher.LaunchServiceHandlerDecorator.launch([Ljava/lang/String;Lcpw/mods/modlauncher/api/ITransformingClassLoader;)V+11
j  cpw.mods.modlauncher.LaunchServiceHandler.launch(Ljava/lang/String;[Ljava/lang/String;Lcpw/mods/modlauncher/TransformingClassLoader;Lcpw/mods/modlauncher/LaunchPluginHandler;)V+57
j  cpw.mods.modlauncher.LaunchServiceHandler.launch(Lcpw/mods/modlauncher/ArgumentHandler;Lcpw/mods/modlauncher/TransformingClassLoader;Lcpw/mods/modlauncher/LaunchPluginHandler;)V+19
j  cpw.mods.modlauncher.Launcher.run([Ljava/lang/String;)V+116
j  cpw.mods.modlauncher.Launcher.main([Ljava/lang/String;)V+37
v  ~StubRoutines::call_stub

---------------  P R O C E S S  ---------------

Java Threads: ( => current thread )
  0x0000000079c1c000 JavaThread "Server-Worker-9" daemon [_thread_blocked, id=15932, stack(0x0000000038c90000,0x0000000038d90000)]
  0x00000000342f5800 JavaThread "Chunk Batcher 11" daemon [_thread_blocked, id=17680, stack(0x00000000d9450000,0x00000000d9550000)]
  0x00000000342ee000 JavaThread "Chunk Batcher 10" daemon [_thread_blocked, id=13396, stack(0x00000000d9250000,0x00000000d9350000)]
  0x00000000342f5000 JavaThread "Chunk Batcher 9" daemon [_thread_blocked, id=1872, stack(0x00000000d9150000,0x00000000d9250000)]
  0x00000000342ed800 JavaThread "Chunk Batcher 8" daemon [_thread_blocked, id=16992, stack(0x00000000d9050000,0x00000000d9150000)]
  0x00000000342f4000 JavaThread "Chunk Batcher 7" daemon [_thread_blocked, id=11664, stack(0x00000000d8f50000,0x00000000d9050000)]
  0x00000000342ec800 JavaThread "Chunk Batcher 6" daemon [_thread_blocked, id=7560, stack(0x00000000d8e50000,0x00000000d8f50000)]
  0x00000000342f3800 JavaThread "Chunk Batcher 5" daemon [_thread_blocked, id=10288, stack(0x00000000d8d50000,0x00000000d8e50000)]
  0x00000000342ec000 JavaThread "Chunk Batcher 4" daemon [_thread_blocked, id=388, stack(0x00000000d8c50000,0x00000000d8d50000)]
  0x00000000342f0800 JavaThread "Chunk Batcher 3" daemon [_thread_blocked, id=2284, stack(0x00000000d8b50000,0x00000000d8c50000)]
  0x00000000342ef800 JavaThread "Chunk Batcher 2" daemon [_thread_blocked, id=1164, stack(0x00000000d8a50000,0x00000000d8b50000)]
  0x00000000342f2800 JavaThread "Chunk Batcher 1" daemon [_thread_blocked, id=8336, stack(0x00000000d8950000,0x00000000d8a50000)]
  0x00000000342eb000 JavaThread "Chunk Batcher 0" daemon [_thread_blocked, id=9320, stack(0x000000004a710000,0x000000004a810000)]
  0x00000000342f1000 JavaThread "Sound engine" daemon [_thread_blocked, id=9064, stack(0x00000000c9ad0000,0x00000000c9bd0000)]
  0x0000000034205000 JavaThread "Netty Server IO #1" daemon [_thread_in_native, id=916, stack(0x00000000c99d0000,0x00000000c9ad0000)]
  0x00000000341f9800 JavaThread "Netty Local Client IO #0" daemon [_thread_blocked, id=15388, stack(0x00000000bdec0000,0x00000000bdfc0000)]
  0x000000002bb61800 JavaThread "Netty Server IO #0" daemon [_thread_in_native, id=8320, stack(0x000000003c4a0000,0x000000003c5a0000)]
  0x000000002bb60800 JavaThread "ObjectCleanerThread" daemon [_thread_blocked, id=12932, stack(0x0000000031ba0000,0x0000000031ca0000)]
  0x0000000034201000 JavaThread "Server-Worker-8" daemon [_thread_blocked, id=12948, stack(0x00000000be010000,0x00000000be110000)]
  0x00000000341ff800 JavaThread "Thread-13" daemon [_thread_in_native, id=13208, stack(0x00000000a52d0000,0x00000000a53d0000)]
  0x00000000341ff000 JavaThread "Server thread" [_thread_blocked, id=14884, stack(0x00000000a3dd0000,0x00000000a3ed0000)]
  0x00000000341f9000 JavaThread "Snooper Timer" daemon [_thread_blocked, id=14732, stack(0x000000003e700000,0x000000003e800000)]
  0x0000000034204000 JavaThread "Java2D Disposer" daemon [_thread_blocked, id=2020, stack(0x0000000063f10000,0x0000000064010000)]
  0x00000000341f6800 JavaThread "Thread-9" daemon [_thread_blocked, id=13140, stack(0x000000005a1c0000,0x000000005a2c0000)]
  0x00000000341fd800 JavaThread "Thread-8" daemon [_thread_blocked, id=7664, stack(0x000000005a0c0000,0x000000005a1c0000)]
  0x00000000341fa800 JavaThread "Narrator" [_thread_blocked, id=18044, stack(0x000000003e5e0000,0x000000003e6e0000)]
  0x000000002bb69800 JavaThread "Timer hack thread" daemon [_thread_blocked, id=1228, stack(0x0000000038f90000,0x0000000039090000)]
  0x000000002be76000 JavaThread "Snooper Timer" daemon [_thread_blocked, id=10488, stack(0x0000000035b30000,0x0000000035c30000)]
  0x000000002c101800 JavaThread "pool-2-thread-1" daemon [_thread_blocked, id=6988, stack(0x00000000350d0000,0x00000000351d0000)]
  0x0000000028406000 JavaThread "Thread-2" daemon [_thread_in_native, id=452, stack(0x0000000029d40000,0x0000000029e40000)]
  0x00000000287ef000 JavaThread "Thread-1" daemon [_thread_blocked, id=7568, stack(0x0000000029c40000,0x0000000029d40000)]
  0x0000000027284800 JavaThread "Service Thread" daemon [_thread_blocked, id=7412, stack(0x0000000027630000,0x0000000027730000)]
  0x00000000266f3800 JavaThread "C1 CompilerThread3" daemon [_thread_blocked, id=1108, stack(0x0000000027130000,0x0000000027230000)]
  0x00000000266ef000 JavaThread "C2 CompilerThread2" daemon [_thread_blocked, id=1260, stack(0x0000000027030000,0x0000000027130000)]
  0x00000000266ea000 JavaThread "C2 CompilerThread1" daemon [_thread_blocked, id=10140, stack(0x0000000026f30000,0x0000000027030000)]
  0x00000000266e6000 JavaThread "C2 CompilerThread0" daemon [_thread_blocked, id=12364, stack(0x0000000026e30000,0x0000000026f30000)]
  0x000000002669f800 JavaThread "Attach Listener" daemon [_thread_blocked, id=3224, stack(0x0000000026d30000,0x0000000026e30000)]
  0x000000002669d000 JavaThread "Signal Dispatcher" daemon [_thread_blocked, id=17648, stack(0x0000000026c30000,0x0000000026d30000)]
  0x000000002669c000 JavaThread "Surrogate Locker Thread (Concurrent GC)" daemon [_thread_blocked, id=11248, stack(0x0000000026b30000,0x0000000026c30000)]
  0x000000002668a800 JavaThread "Finalizer" daemon [_thread_blocked, id=1332, stack(0x0000000026a30000,0x0000000026b30000)]
  0x0000000026681800 JavaThread "Reference Handler" daemon [_thread_blocked, id=14140, stack(0x0000000026830000,0x0000000026930000)]
=>0x0000000002503800 JavaThread "Client thread" [_thread_in_native, id=7208, stack(0x0000000002400000,0x0000000002500000)]

Other Threads:
  0x000000002667e000 VMThread [stack: 0x0000000026730000,0x0000000026830000] [id=10228]
  0x0000000027293000 WatcherThread [stack: 0x0000000027730000,0x0000000027830000] [id=4916]

VM state:not at safepoint (normal execution)

VM Mutex/Monitor currently owned by a thread: None

Heap:
 garbage-first heap   total 6291456K, used 3548448K [0x0000000640000000, 0x0000000642000600, 0x00000007c0000000)
  region size 32768K, 76 young (2490368K), 1 survivors (32768K)
 Metaspace       used 100592K, capacity 111306K, committed 111500K, reserved 1144832K
  class space    used 13509K, capacity 15983K, committed 16012K, reserved 1048576K

Heap Regions: (Y=young(eden), SU=young(survivor), HS=humongous(starts), HC=humongous(continues), CS=collection set, F=free, TS=gc time stamp, PTAMS=previous top-at-mark-start, NTAMS=next top-at-mark-start)
AC   0  O    TS     0 PTAMS 0x0000000642000000 NTAMS 0x0000000642000000 space 32768K, 100% used [0x0000000640000000, 0x0000000642000000)
AC   0  O    TS     5 PTAMS 0x0000000642000000 NTAMS 0x0000000642000000 space 32768K, 100% used [0x0000000642000000, 0x0000000644000000)
AC   0  O    TS     0 PTAMS 0x0000000646000000 NTAMS 0x0000000646000000 space 32768K, 100% used [0x0000000644000000, 0x0000000646000000)
AC   0  O    TS     9 PTAMS 0x0000000646000000 NTAMS 0x0000000646000000 space 32768K, 100% used [0x0000000646000000, 0x0000000648000000)
AC   0  O    TS     7 PTAMS 0x0000000648000000 NTAMS 0x0000000648000000 space 32768K, 100% used [0x0000000648000000, 0x000000064a000000)
AC   0  O    TS     0 PTAMS 0x000000064c000000 NTAMS 0x000000064c000000 space 32768K, 100% used [0x000000064a000000, 0x000000064c000000)
AC   0  O    TS     0 PTAMS 0x000000064e000000 NTAMS 0x000000064e000000 space 32768K, 100% used [0x000000064c000000, 0x000000064e000000)
AC   0  O    TS     0 PTAMS 0x0000000650000000 NTAMS 0x0000000650000000 space 32768K, 100% used [0x000000064e000000, 0x0000000650000000)
AC   0  O    TS    33 PTAMS 0x0000000650000000 NTAMS 0x0000000650000000 space 32768K, 100% used [0x0000000650000000, 0x0000000652000000)
AC   0  O    TS    35 PTAMS 0x0000000652000000 NTAMS 0x0000000652000000 space 32768K, 100% used [0x0000000652000000, 0x0000000654000000)
AC   0  O    TS     0 PTAMS 0x0000000656000000 NTAMS 0x0000000656000000 space 32768K, 100% used [0x0000000654000000, 0x0000000656000000)
AC   0  O    TS     9 PTAMS 0x0000000656000000 NTAMS 0x0000000656000000 space 32768K, 100% used [0x0000000656000000, 0x0000000658000000)
AC   0  O    TS     7 PTAMS 0x0000000658000000 NTAMS 0x0000000658000000 space 32768K, 100% used [0x0000000658000000, 0x000000065a000000)
AC   0  O    TS     0 PTAMS 0x000000065c000000 NTAMS 0x000000065c000000 space 32768K, 100% used [0x000000065a000000, 0x000000065c000000)
AC   0  O    TS     0 PTAMS 0x000000065e000000 NTAMS 0x000000065e000000 space 32768K, 100% used [0x000000065c000000, 0x000000065e000000)
AC   0  O    TS    39 PTAMS 0x000000065e000000 NTAMS 0x000000065e000000 space 32768K, 100% used [0x000000065e000000, 0x0000000660000000)
AC   0  O    TS    59 PTAMS 0x0000000660000000 NTAMS 0x0000000660000000 space 32768K,  70% used [0x0000000660000000, 0x0000000662000000)
AC   0  F    TS     0 PTAMS 0x0000000662000000 NTAMS 0x0000000662000000 space 32768K,   0% used [0x0000000662000000, 0x0000000664000000)
AC   0  O    TS     0 PTAMS 0x0000000666000000 NTAMS 0x0000000666000000 space 32768K, 100% used [0x0000000664000000, 0x0000000666000000)
AC   0  O    TS     0 PTAMS 0x0000000668000000 NTAMS 0x0000000668000000 space 32768K, 100% used [0x0000000666000000, 0x0000000668000000)
AC   0  F    TS     0 PTAMS 0x0000000668000000 NTAMS 0x0000000668000000 space 32768K,   0% used [0x0000000668000000, 0x000000066a000000)
AC   0  O    TS     0 PTAMS 0x000000066c000000 NTAMS 0x000000066c000000 space 32768K, 100% used [0x000000066a000000, 0x000000066c000000)
AC   0  F    TS     0 PTAMS 0x000000066c000000 NTAMS 0x000000066c000000 space 32768K,   0% used [0x000000066c000000, 0x000000066e000000)
AC   0  F    TS     0 PTAMS 0x000000066e000000 NTAMS 0x000000066e000000 space 32768K,   0% used [0x000000066e000000, 0x0000000670000000)
AC   0  O    TS     0 PTAMS 0x0000000672000000 NTAMS 0x0000000672000000 space 32768K, 100% used [0x0000000670000000, 0x0000000672000000)
AC   0  F    TS     0 PTAMS 0x0000000672000000 NTAMS 0x0000000672000000 space 32768K,   0% used [0x0000000672000000, 0x0000000674000000)
AC   0  O    TS     0 PTAMS 0x0000000676000000 NTAMS 0x0000000676000000 space 32768K, 100% used [0x0000000674000000, 0x0000000676000000)
AC   0  O    TS     0 PTAMS 0x0000000678000000 NTAMS 0x0000000678000000 space 32768K, 100% used [0x0000000676000000, 0x0000000678000000)
AC   0  O    TS     0 PTAMS 0x000000067a000000 NTAMS 0x000000067a000000 space 32768K, 100% used [0x0000000678000000, 0x000000067a000000)
AC   0  F    TS     0 PTAMS 0x000000067a000000 NTAMS 0x000000067a000000 space 32768K,   0% used [0x000000067a000000, 0x000000067c000000)
AC   0  O    TS     0 PTAMS 0x000000067e000000 NTAMS 0x000000067e000000 space 32768K, 100% used [0x000000067c000000, 0x000000067e000000)
AC   0  F    TS     0 PTAMS 0x000000067e000000 NTAMS 0x000000067e000000 space 32768K,   0% used [0x000000067e000000, 0x0000000680000000)
AC   0  O    TS     1 PTAMS 0x0000000680000000 NTAMS 0x0000000680000000 space 32768K, 100% used [0x0000000680000000, 0x0000000682000000)
AC   0  O    TS     1 PTAMS 0x0000000682000000 NTAMS 0x0000000682000000 space 32768K, 100% used [0x0000000682000000, 0x0000000684000000)
AC   0  O    TS     0 PTAMS 0x0000000686000000 NTAMS 0x0000000686000000 space 32768K, 100% used [0x0000000684000000, 0x0000000686000000)
AC   0  O    TS     0 PTAMS 0x0000000688000000 NTAMS 0x0000000688000000 space 32768K, 100% used [0x0000000686000000, 0x0000000688000000)
AC   0  O    TS     0 PTAMS 0x000000068a000000 NTAMS 0x000000068a000000 space 32768K, 100% used [0x0000000688000000, 0x000000068a000000)
AC   0  O    TS     1 PTAMS 0x000000068b038c00 NTAMS 0x000000068b038c00 space 32768K, 100% used [0x000000068a000000, 0x000000068c000000)
AC   0  O    TS     3 PTAMS 0x000000068c000000 NTAMS 0x000000068c000000 space 32768K, 100% used [0x000000068c000000, 0x000000068e000000)
AC   0  O    TS     3 PTAMS 0x000000068e000000 NTAMS 0x000000068e000000 space 32768K, 100% used [0x000000068e000000, 0x0000000690000000)
AC   0  O    TS     5 PTAMS 0x0000000690000000 NTAMS 0x0000000690000000 space 32768K, 100% used [0x0000000690000000, 0x0000000692000000)
AC   0  F    TS     0 PTAMS 0x0000000692000000 NTAMS 0x0000000692000000 space 32768K,   0% used [0x0000000692000000, 0x0000000694000000)
AC   0  F    TS     0 PTAMS 0x0000000694000000 NTAMS 0x0000000694000000 space 32768K,   0% used [0x0000000694000000, 0x0000000696000000)
AC   0  F    TS     0 PTAMS 0x0000000696000000 NTAMS 0x0000000696000000 space 32768K,   0% used [0x0000000696000000, 0x0000000698000000)
AC   0  F    TS     0 PTAMS 0x0000000698000000 NTAMS 0x0000000698000000 space 32768K,   0% used [0x0000000698000000, 0x000000069a000000)
AC   0  F    TS     0 PTAMS 0x000000069a000000 NTAMS 0x000000069a000000 space 32768K,   0% used [0x000000069a000000, 0x000000069c000000)
AC   0  F    TS     0 PTAMS 0x000000069c000000 NTAMS 0x000000069c000000 space 32768K,   0% used [0x000000069c000000, 0x000000069e000000)
AC   0  F    TS     0 PTAMS 0x000000069e000000 NTAMS 0x000000069e000000 space 32768K,   0% used [0x000000069e000000, 0x00000006a0000000)
AC   0  F    TS     0 PTAMS 0x00000006a0000000 NTAMS 0x00000006a0000000 space 32768K,   0% used [0x00000006a0000000, 0x00000006a2000000)
AC   0  F    TS     0 PTAMS 0x00000006a2000000 NTAMS 0x00000006a2000000 space 32768K,   0% used [0x00000006a2000000, 0x00000006a4000000)
AC   0  F    TS     0 PTAMS 0x00000006a4000000 NTAMS 0x00000006a4000000 space 32768K,   0% used [0x00000006a4000000, 0x00000006a6000000)
AC   0  F    TS     0 PTAMS 0x00000006a6000000 NTAMS 0x00000006a6000000 space 32768K,   0% used [0x00000006a6000000, 0x00000006a8000000)
AC   0  F    TS     0 PTAMS 0x00000006a8000000 NTAMS 0x00000006a8000000 space 32768K,   0% used [0x00000006a8000000, 0x00000006aa000000)
AC   0  F    TS     0 PTAMS 0x00000006aa000000 NTAMS 0x00000006aa000000 space 32768K,   0% used [0x00000006aa000000, 0x00000006ac000000)
AC   0  F    TS     0 PTAMS 0x00000006ac000000 NTAMS 0x00000006ac000000 space 32768K,   0% used [0x00000006ac000000, 0x00000006ae000000)
AC   0  F    TS     0 PTAMS 0x00000006ae000000 NTAMS 0x00000006ae000000 space 32768K,   0% used [0x00000006ae000000, 0x00000006b0000000)
AC   0  F    TS     0 PTAMS 0x00000006b0000000 NTAMS 0x00000006b0000000 space 32768K,   0% used [0x00000006b0000000, 0x00000006b2000000)
AC   0  F    TS     0 PTAMS 0x00000006b2000000 NTAMS 0x00000006b2000000 space 32768K,   0% used [0x00000006b2000000, 0x00000006b4000000)
AC   0  F    TS     0 PTAMS 0x00000006b4000000 NTAMS 0x00000006b4000000 space 32768K,   0% used [0x00000006b4000000, 0x00000006b6000000)
AC   0  F    TS     0 PTAMS 0x00000006b6000000 NTAMS 0x00000006b6000000 space 32768K,   0% used [0x00000006b6000000, 0x00000006b8000000)
AC   0  F    TS     0 PTAMS 0x00000006b8000000 NTAMS 0x00000006b8000000 space 32768K,   0% used [0x00000006b8000000, 0x00000006ba000000)
AC   0  F    TS     0 PTAMS 0x00000006ba000000 NTAMS 0x00000006ba000000 space 32768K,   0% used [0x00000006ba000000, 0x00000006bc000000)
AC   0  F    TS     0 PTAMS 0x00000006bc000000 NTAMS 0x00000006bc000000 space 32768K,   0% used [0x00000006bc000000, 0x00000006be000000)
AC   0  F    TS     0 PTAMS 0x00000006be000000 NTAMS 0x00000006be000000 space 32768K,   0% used [0x00000006be000000, 0x00000006c0000000)
AC   0  F    TS     0 PTAMS 0x00000006c0000000 NTAMS 0x00000006c0000000 space 32768K,   0% used [0x00000006c0000000, 0x00000006c2000000)
AC   0  F    TS     0 PTAMS 0x00000006c2000000 NTAMS 0x00000006c2000000 space 32768K,   0% used [0x00000006c2000000, 0x00000006c4000000)
AC   0  F    TS     0 PTAMS 0x00000006c4000000 NTAMS 0x00000006c4000000 space 32768K,   0% used [0x00000006c4000000, 0x00000006c6000000)
AC   0  F    TS     0 PTAMS 0x00000006c6000000 NTAMS 0x00000006c6000000 space 32768K,   0% used [0x00000006c6000000, 0x00000006c8000000)
AC   0  F    TS     0 PTAMS 0x00000006c8000000 NTAMS 0x00000006c8000000 space 32768K,   0% used [0x00000006c8000000, 0x00000006ca000000)
AC   0  F    TS     0 PTAMS 0x00000006ca000000 NTAMS 0x00000006ca000000 space 32768K,   0% used [0x00000006ca000000, 0x00000006cc000000)
AC   0  F    TS     0 PTAMS 0x00000006cc000000 NTAMS 0x00000006cc000000 space 32768K,   0% used [0x00000006cc000000, 0x00000006ce000000)
AC   0  F    TS     0 PTAMS 0x00000006ce000000 NTAMS 0x00000006ce000000 space 32768K,   0% used [0x00000006ce000000, 0x00000006d0000000)
AC   0  F    TS     0 PTAMS 0x00000006d0000000 NTAMS 0x00000006d0000000 space 32768K,   0% used [0x00000006d0000000, 0x00000006d2000000)
AC   0  F    TS    31 PTAMS 0x00000006d2000000 NTAMS 0x00000006d2000000 space 32768K,   0% used [0x00000006d2000000, 0x00000006d4000000)
AC   0  F    TS    31 PTAMS 0x00000006d4000000 NTAMS 0x00000006d4000000 space 32768K,   0% used [0x00000006d4000000, 0x00000006d6000000)
AC   0  F    TS    43 PTAMS 0x00000006d6000000 NTAMS 0x00000006d6000000 space 32768K,   0% used [0x00000006d6000000, 0x00000006d8000000)
AC   0  S CS TS    59 PTAMS 0x00000006d8000000 NTAMS 0x00000006d8000000 space 32768K,  58% used [0x00000006d8000000, 0x00000006da000000)
AC   0  F    TS    57 PTAMS 0x00000006da000000 NTAMS 0x00000006da000000 space 32768K,   0% used [0x00000006da000000, 0x00000006dc000000)
AC   0  F    TS    45 PTAMS 0x00000006dc000000 NTAMS 0x00000006dc000000 space 32768K,   0% used [0x00000006dc000000, 0x00000006de000000)
AC   0  F    TS    33 PTAMS 0x00000006de000000 NTAMS 0x00000006de000000 space 32768K,   0% used [0x00000006de000000, 0x00000006e0000000)
AC   0  F    TS    29 PTAMS 0x00000006e0000000 NTAMS 0x00000006e0000000 space 32768K,   0% used [0x00000006e0000000, 0x00000006e2000000)
AC   0  F    TS     0 PTAMS 0x00000006e2000000 NTAMS 0x00000006e2000000 space 32768K,   0% used [0x00000006e2000000, 0x00000006e4000000)
AC   0  F    TS     0 PTAMS 0x00000006e4000000 NTAMS 0x00000006e4000000 space 32768K,   0% used [0x00000006e4000000, 0x00000006e6000000)
AC   0  F    TS     0 PTAMS 0x00000006e6000000 NTAMS 0x00000006e6000000 space 32768K,   0% used [0x00000006e6000000, 0x00000006e8000000)
AC   0  F    TS     0 PTAMS 0x00000006e8000000 NTAMS 0x00000006e8000000 space 32768K,   0% used [0x00000006e8000000, 0x00000006ea000000)
AC   0  F    TS     0 PTAMS 0x00000006ea000000 NTAMS 0x00000006ea000000 space 32768K,   0% used [0x00000006ea000000, 0x00000006ec000000)
AC   0  F    TS     0 PTAMS 0x00000006ec000000 NTAMS 0x00000006ec000000 space 32768K,   0% used [0x00000006ec000000, 0x00000006ee000000)
AC   0  F    TS     0 PTAMS 0x00000006ee000000 NTAMS 0x00000006ee000000 space 32768K,   0% used [0x00000006ee000000, 0x00000006f0000000)
AC   0  F    TS     0 PTAMS 0x00000006f0000000 NTAMS 0x00000006f0000000 space 32768K,   0% used [0x00000006f0000000, 0x00000006f2000000)
AC   0  F    TS     0 PTAMS 0x00000006f2000000 NTAMS 0x00000006f2000000 space 32768K,   0% used [0x00000006f2000000, 0x00000006f4000000)
AC   0  F    TS     0 PTAMS 0x00000006f4000000 NTAMS 0x00000006f4000000 space 32768K,   0% used [0x00000006f4000000, 0x00000006f6000000)
AC   0  F    TS     0 PTAMS 0x00000006f6000000 NTAMS 0x00000006f6000000 space 32768K,   0% used [0x00000006f6000000, 0x00000006f8000000)
AC   0  F    TS     0 PTAMS 0x00000006f8000000 NTAMS 0x00000006f8000000 space 32768K,   0% used [0x00000006f8000000, 0x00000006fa000000)
AC   0  F    TS     0 PTAMS 0x00000006fa000000 NTAMS 0x00000006fa000000 space 32768K,   0% used [0x00000006fa000000, 0x00000006fc000000)
AC   0  F    TS     0 PTAMS 0x00000006fc000000 NTAMS 0x00000006fc000000 space 32768K,   0% used [0x00000006fc000000, 0x00000006fe000000)
AC   0  F    TS     0 PTAMS 0x00000006fe000000 NTAMS 0x00000006fe000000 space 32768K,   0% used [0x00000006fe000000, 0x0000000700000000)
AC   0  F    TS     0 PTAMS 0x0000000700000000 NTAMS 0x0000000700000000 space 32768K,   0% used [0x0000000700000000, 0x0000000702000000)
AC   0  F    TS     0 PTAMS 0x0000000702000000 NTAMS 0x0000000702000000 space 32768K,   0% used [0x0000000702000000, 0x0000000704000000)
AC   0  F    TS     0 PTAMS 0x0000000704000000 NTAMS 0x0000000704000000 space 32768K,   0% used [0x0000000704000000, 0x0000000706000000)
AC   0  F    TS     0 PTAMS 0x0000000706000000 NTAMS 0x0000000706000000 space 32768K,   0% used [0x0000000706000000, 0x0000000708000000)
AC   0  F    TS     0 PTAMS 0x0000000708000000 NTAMS 0x0000000708000000 space 32768K,   0% used [0x0000000708000000, 0x000000070a000000)
AC   0  F    TS     0 PTAMS 0x000000070a000000 NTAMS 0x000000070a000000 space 32768K,   0% used [0x000000070a000000, 0x000000070c000000)
AC   0  F    TS     0 PTAMS 0x000000070c000000 NTAMS 0x000000070c000000 space 32768K,   0% used [0x000000070c000000, 0x000000070e000000)
AC   0  F    TS     0 PTAMS 0x000000070e000000 NTAMS 0x000000070e000000 space 32768K,   0% used [0x000000070e000000, 0x0000000710000000)
AC   0  F    TS     0 PTAMS 0x0000000710000000 NTAMS 0x0000000710000000 space 32768K,   0% used [0x0000000710000000, 0x0000000712000000)
AC   0  F    TS     0 PTAMS 0x0000000712000000 NTAMS 0x0000000712000000 space 32768K,   0% used [0x0000000712000000, 0x0000000714000000)
AC   0  F    TS     0 PTAMS 0x0000000714000000 NTAMS 0x0000000714000000 space 32768K,   0% used [0x0000000714000000, 0x0000000716000000)
AC   0  F    TS     0 PTAMS 0x0000000716000000 NTAMS 0x0000000716000000 space 32768K,   0% used [0x0000000716000000, 0x0000000718000000)
AC   0  F    TS     0 PTAMS 0x0000000718000000 NTAMS 0x0000000718000000 space 32768K,   0% used [0x0000000718000000, 0x000000071a000000)
AC   0  F    TS     0 PTAMS 0x000000071a000000 NTAMS 0x000000071a000000 space 32768K,   0% used [0x000000071a000000, 0x000000071c000000)
AC   0  F    TS     0 PTAMS 0x000000071c000000 NTAMS 0x000000071c000000 space 32768K,   0% used [0x000000071c000000, 0x000000071e000000)
AC   0  F    TS     0 PTAMS 0x000000071e000000 NTAMS 0x000000071e000000 space 32768K,   0% used [0x000000071e000000, 0x0000000720000000)
AC   0  F    TS     0 PTAMS 0x0000000720000000 NTAMS 0x0000000720000000 space 32768K,   0% used [0x0000000720000000, 0x0000000722000000)
AC   0  F    TS     0 PTAMS 0x0000000722000000 NTAMS 0x0000000722000000 space 32768K,   0% used [0x0000000722000000, 0x0000000724000000)
AC   0  F    TS     0 PTAMS 0x0000000724000000 NTAMS 0x0000000724000000 space 32768K,   0% used [0x0000000724000000, 0x0000000726000000)
AC   0  F    TS     0 PTAMS 0x0000000726000000 NTAMS 0x0000000726000000 space 32768K,   0% used [0x0000000726000000, 0x0000000728000000)
AC   0  F    TS     0 PTAMS 0x0000000728000000 NTAMS 0x0000000728000000 space 32768K,   0% used [0x0000000728000000, 0x000000072a000000)
AC   0  E    TS     0 PTAMS 0x000000072a000000 NTAMS 0x000000072a000000 space 32768K,  61% used [0x000000072a000000, 0x000000072c000000)
AC   0  E CS TS     0 PTAMS 0x000000072c000000 NTAMS 0x000000072c000000 space 32768K, 100% used [0x000000072c000000, 0x000000072e000000)
AC   0  E CS TS     0 PTAMS 0x000000072e000000 NTAMS 0x000000072e000000 space 32768K, 100% used [0x000000072e000000, 0x0000000730000000)
AC   0  E CS TS     0 PTAMS 0x0000000730000000 NTAMS 0x0000000730000000 space 32768K, 100% used [0x0000000730000000, 0x0000000732000000)
AC   0  E CS TS     0 PTAMS 0x0000000732000000 NTAMS 0x0000000732000000 space 32768K, 100% used [0x0000000732000000, 0x0000000734000000)
AC   0  E CS TS     0 PTAMS 0x0000000734000000 NTAMS 0x0000000734000000 space 32768K, 100% used [0x0000000734000000, 0x0000000736000000)
AC   0  E CS TS     0 PTAMS 0x0000000736000000 NTAMS 0x0000000736000000 space 32768K, 100% used [0x0000000736000000, 0x0000000738000000)
AC   0  E CS TS     0 PTAMS 0x0000000738000000 NTAMS 0x0000000738000000 space 32768K, 100% used [0x0000000738000000, 0x000000073a000000)
AC   0  E CS TS     0 PTAMS 0x000000073a000000 NTAMS 0x000000073a000000 space 32768K, 100% used [0x000000073a000000, 0x000000073c000000)
AC   0  E CS TS     0 PTAMS 0x000000073c000000 NTAMS 0x000000073c000000 space 32768K, 100% used [0x000000073c000000, 0x000000073e000000)
AC   0  E CS TS     0 PTAMS 0x000000073e000000 NTAMS 0x000000073e000000 space 32768K, 100% used [0x000000073e000000, 0x0000000740000000)
AC   0  E CS TS     0 PTAMS 0x0000000740000000 NTAMS 0x0000000740000000 space 32768K, 100% used [0x0000000740000000, 0x0000000742000000)
AC   0  E CS TS     0 PTAMS 0x0000000742000000 NTAMS 0x0000000742000000 space 32768K, 100% used [0x0000000742000000, 0x0000000744000000)
AC   0  E CS TS     0 PTAMS 0x0000000744000000 NTAMS 0x0000000744000000 space 32768K, 100% used [0x0000000744000000, 0x0000000746000000)
AC   0  E CS TS     0 PTAMS 0x0000000746000000 NTAMS 0x0000000746000000 space 32768K, 100% used [0x0000000746000000, 0x0000000748000000)
AC   0  E CS TS     0 PTAMS 0x0000000748000000 NTAMS 0x0000000748000000 space 32768K, 100% used [0x0000000748000000, 0x000000074a000000)
AC   0  E CS TS     0 PTAMS 0x000000074a000000 NTAMS 0x000000074a000000 space 32768K, 100% used [0x000000074a000000, 0x000000074c000000)
AC   0  E CS TS     0 PTAMS 0x000000074c000000 NTAMS 0x000000074c000000 space 32768K, 100% used [0x000000074c000000, 0x000000074e000000)
AC   0  E CS TS     0 PTAMS 0x000000074e000000 NTAMS 0x000000074e000000 space 32768K, 100% used [0x000000074e000000, 0x0000000750000000)
AC   0  E CS TS     0 PTAMS 0x0000000750000000 NTAMS 0x0000000750000000 space 32768K, 100% used [0x0000000750000000, 0x0000000752000000)
AC   0  E CS TS     0 PTAMS 0x0000000752000000 NTAMS 0x0000000752000000 space 32768K, 100% used [0x0000000752000000, 0x0000000754000000)
AC   0  E CS TS     0 PTAMS 0x0000000754000000 NTAMS 0x0000000754000000 space 32768K, 100% used [0x0000000754000000, 0x0000000756000000)
AC   0  E CS TS     0 PTAMS 0x0000000756000000 NTAMS 0x0000000756000000 space 32768K, 100% used [0x0000000756000000, 0x0000000758000000)
AC   0  E CS TS     0 PTAMS 0x0000000758000000 NTAMS 0x0000000758000000 space 32768K, 100% used [0x0000000758000000, 0x000000075a000000)
AC   0  E CS TS     0 PTAMS 0x000000075a000000 NTAMS 0x000000075a000000 space 32768K, 100% used [0x000000075a000000, 0x000000075c000000)
AC   0  E CS TS     0 PTAMS 0x000000075c000000 NTAMS 0x000000075c000000 space 32768K, 100% used [0x000000075c000000, 0x000000075e000000)
AC   0  E CS TS     0 PTAMS 0x000000075e000000 NTAMS 0x000000075e000000 space 32768K, 100% used [0x000000075e000000, 0x0000000760000000)
AC   0  E CS TS     0 PTAMS 0x0000000760000000 NTAMS 0x0000000760000000 space 32768K, 100% used [0x0000000760000000, 0x0000000762000000)
AC   0  E CS TS     0 PTAMS 0x0000000762000000 NTAMS 0x0000000762000000 space 32768K, 100% used [0x0000000762000000, 0x0000000764000000)
AC   0  E CS TS     0 PTAMS 0x0000000764000000 NTAMS 0x0000000764000000 space 32768K, 100% used [0x0000000764000000, 0x0000000766000000)
AC   0  E CS TS     0 PTAMS 0x0000000766000000 NTAMS 0x0000000766000000 space 32768K, 100% used [0x0000000766000000, 0x0000000768000000)
AC   0  E CS TS     0 PTAMS 0x0000000768000000 NTAMS 0x0000000768000000 space 32768K, 100% used [0x0000000768000000, 0x000000076a000000)
AC   0  E CS TS     5 PTAMS 0x000000076a000000 NTAMS 0x000000076a000000 space 32768K, 100% used [0x000000076a000000, 0x000000076c000000)
AC   0  E CS TS    13 PTAMS 0x000000076c000000 NTAMS 0x000000076c000000 space 32768K, 100% used [0x000000076c000000, 0x000000076e000000)
AC   0  E CS TS    13 PTAMS 0x000000076e000000 NTAMS 0x000000076e000000 space 32768K, 100% used [0x000000076e000000, 0x0000000770000000)
AC   0  E CS TS    13 PTAMS 0x0000000770000000 NTAMS 0x0000000770000000 space 32768K, 100% used [0x0000000770000000, 0x0000000772000000)
AC   0  E CS TS    13 PTAMS 0x0000000772000000 NTAMS 0x0000000772000000 space 32768K, 100% used [0x0000000772000000, 0x0000000774000000)
AC   0  E CS TS    11 PTAMS 0x0000000774000000 NTAMS 0x0000000774000000 space 32768K, 100% used [0x0000000774000000, 0x0000000776000000)
AC   0  E CS TS    11 PTAMS 0x0000000776000000 NTAMS 0x0000000776000000 space 32768K, 100% used [0x0000000776000000, 0x0000000778000000)
AC   0  E CS TS    11 PTAMS 0x0000000778000000 NTAMS 0x0000000778000000 space 32768K, 100% used [0x0000000778000000, 0x000000077a000000)
AC   0  E CS TS    11 PTAMS 0x000000077a000000 NTAMS 0x000000077a000000 space 32768K, 100% used [0x000000077a000000, 0x000000077c000000)
AC   0  E CS TS     7 PTAMS 0x000000077c000000 NTAMS 0x000000077c000000 space 32768K, 100% used [0x000000077c000000, 0x000000077e000000)
AC   0  E CS TS     0 PTAMS 0x000000077e000000 NTAMS 0x000000077e000000 space 32768K, 100% used [0x000000077e000000, 0x0000000780000000)
AC   0  E CS TS     0 PTAMS 0x0000000780000000 NTAMS 0x0000000780000000 space 32768K, 100% used [0x0000000780000000, 0x0000000782000000)
AC   0  E CS TS     0 PTAMS 0x0000000782000000 NTAMS 0x0000000782000000 space 32768K, 100% used [0x0000000782000000, 0x0000000784000000)
AC   0  E CS TS     0 PTAMS 0x0000000784000000 NTAMS 0x0000000784000000 space 32768K, 100% used [0x0000000784000000, 0x0000000786000000)
AC   0  E CS TS     0 PTAMS 0x0000000786000000 NTAMS 0x0000000786000000 space 32768K, 100% used [0x0000000786000000, 0x0000000788000000)
AC   0  E CS TS     0 PTAMS 0x0000000788000000 NTAMS 0x0000000788000000 space 32768K, 100% used [0x0000000788000000, 0x000000078a000000)
AC   0  E CS TS     0 PTAMS 0x000000078a000000 NTAMS 0x000000078a000000 space 32768K, 100% used [0x000000078a000000, 0x000000078c000000)
AC   0  E CS TS     0 PTAMS 0x000000078c000000 NTAMS 0x000000078c000000 space 32768K, 100% used [0x000000078c000000, 0x000000078e000000)
AC   0  E CS TS     0 PTAMS 0x000000078e000000 NTAMS 0x000000078e000000 space 32768K, 100% used [0x000000078e000000, 0x0000000790000000)
AC   0  E CS TS     0 PTAMS 0x0000000790000000 NTAMS 0x0000000790000000 space 32768K, 100% used [0x0000000790000000, 0x0000000792000000)
AC   0  E CS TS     0 PTAMS 0x0000000792000000 NTAMS 0x0000000792000000 space 32768K, 100% used [0x0000000792000000, 0x0000000794000000)
AC   0  E CS TS     0 PTAMS 0x0000000794000000 NTAMS 0x0000000794000000 space 32768K, 100% used [0x0000000794000000, 0x0000000796000000)
AC   0  E CS TS     0 PTAMS 0x0000000796000000 NTAMS 0x0000000796000000 space 32768K, 100% used [0x0000000796000000, 0x0000000798000000)
AC   0  E CS TS     0 PTAMS 0x0000000798000000 NTAMS 0x0000000798000000 space 32768K, 100% used [0x0000000798000000, 0x000000079a000000)
AC   0  E CS TS     0 PTAMS 0x000000079a000000 NTAMS 0x000000079a000000 space 32768K, 100% used [0x000000079a000000, 0x000000079c000000)
AC   0  E CS TS     0 PTAMS 0x000000079c000000 NTAMS 0x000000079c000000 space 32768K, 100% used [0x000000079c000000, 0x000000079e000000)
AC   0  E CS TS     0 PTAMS 0x000000079e000000 NTAMS 0x000000079e000000 space 32768K, 100% used [0x000000079e000000, 0x00000007a0000000)
AC   0  E CS TS     0 PTAMS 0x00000007a0000000 NTAMS 0x00000007a0000000 space 32768K, 100% used [0x00000007a0000000, 0x00000007a2000000)
AC   0  E CS TS     0 PTAMS 0x00000007a2000000 NTAMS 0x00000007a2000000 space 32768K, 100% used [0x00000007a2000000, 0x00000007a4000000)
AC   0  E CS TS     0 PTAMS 0x00000007a4000000 NTAMS 0x00000007a4000000 space 32768K, 100% used [0x00000007a4000000, 0x00000007a6000000)
AC   0  E CS TS     0 PTAMS 0x00000007a6000000 NTAMS 0x00000007a6000000 space 32768K, 100% used [0x00000007a6000000, 0x00000007a8000000)
AC   0  E CS TS     0 PTAMS 0x00000007a8000000 NTAMS 0x00000007a8000000 space 32768K, 100% used [0x00000007a8000000, 0x00000007aa000000)
AC   0  E CS TS     0 PTAMS 0x00000007aa000000 NTAMS 0x00000007aa000000 space 32768K, 100% used [0x00000007aa000000, 0x00000007ac000000)
AC   0  E CS TS     0 PTAMS 0x00000007ac000000 NTAMS 0x00000007ac000000 space 32768K, 100% used [0x00000007ac000000, 0x00000007ae000000)
AC   0  E CS TS     0 PTAMS 0x00000007ae000000 NTAMS 0x00000007ae000000 space 32768K, 100% used [0x00000007ae000000, 0x00000007b0000000)
AC   0  E CS TS     0 PTAMS 0x00000007b0000000 NTAMS 0x00000007b0000000 space 32768K, 100% used [0x00000007b0000000, 0x00000007b2000000)
AC   0  E CS TS     0 PTAMS 0x00000007b2000000 NTAMS 0x00000007b2000000 space 32768K, 100% used [0x00000007b2000000, 0x00000007b4000000)
AC   0  E CS TS     0 PTAMS 0x00000007b4000000 NTAMS 0x00000007b4000000 space 32768K, 100% used [0x00000007b4000000, 0x00000007b6000000)
AC   0  E CS TS     0 PTAMS 0x00000007b6000000 NTAMS 0x00000007b6000000 space 32768K, 100% used [0x00000007b6000000, 0x00000007b8000000)
AC   0  E CS TS     0 PTAMS 0x00000007b8000000 NTAMS 0x00000007b8000000 space 32768K, 100% used [0x00000007b8000000, 0x00000007ba000000)
AC   0  E CS TS     0 PTAMS 0x00000007ba000000 NTAMS 0x00000007ba000000 space 32768K, 100% used [0x00000007ba000000, 0x00000007bc000000)
AC   0  E CS TS     0 PTAMS 0x00000007bc000000 NTAMS 0x00000007bc000000 space 32768K, 100% used [0x00000007bc000000, 0x00000007be000000)
AC   0  E CS TS     0 PTAMS 0x00000007be000000 NTAMS 0x00000007be000000 space 32768K, 100% used [0x00000007be000000, 0x00000007c0000000)

Card table byte_map: [0x0000000014560000,0x0000000015160000] byte_map_base: 0x0000000011360000

Marking Bits (Prev, Next): (CMBitMap*) 0x000000000257ed08, (CMBitMap*) 0x000000000257ed60
 Prev Bits: [0x0000000015d60000, 0x000000001bd60000)
 Next Bits: [0x000000001bd60000, 0x0000000021d60000)

Polling page: 0x0000000000720000

CodeCache: size=245760Kb used=69807Kb max_used=70304Kb free=175952Kb
 bounds [0x0000000002600000, 0x0000000006bd0000, 0x0000000011600000]
 total_blobs=20831 nmethods=18995 adapters=1743
 compilation: enabled

Compilation events (10 events):
Event: 384.657 Thread 0x00000000266f3800 29718       3       net.minecraft.entity.monster.SlimeEntity$MoveHelperController::func_75641_c (289 bytes)
Event: 384.658 Thread 0x00000000266f3800 nmethod 29718 0x0000000003bbfd50 code [0x0000000003bc0240, 0x0000000003bc3a58]
Event: 384.667 Thread 0x00000000266ea000 29719       4       java.util.concurrent.CompletableFuture::thenAccept (7 bytes)
Event: 384.670 Thread 0x00000000266ea000 nmethod 29719 0x0000000004f42cd0 code [0x0000000004f42e40, 0x0000000004f43478]
Event: 384.807 Thread 0x00000000266f3800 29720       3       net.minecraft.pathfinding.PathHeap::func_75850_a (36 bytes)
Event: 384.808 Thread 0x00000000266f3800 nmethod 29720 0x0000000003ee9b10 code [0x0000000003ee9c80, 0x0000000003ee9ed8]
Event: 385.706 Thread 0x00000000266f3800 29721       3       net.minecraft.entity.monster.SlimeEntity$FaceRandomGoal::func_75246_d (70 bytes)
Event: 385.707 Thread 0x00000000266f3800 nmethod 29721 0x0000000005bd0b50 code [0x0000000005bd0d20, 0x0000000005bd1a08]
Event: 385.707 Thread 0x00000000266f3800 29722       3       net.minecraft.entity.monster.SlimeEntity$MoveHelperController::func_179920_a (11 bytes)
Event: 385.707 Thread 0x00000000266f3800 nmethod 29722 0x0000000004ba2090 code [0x0000000004ba21e0, 0x0000000004ba2330]

GC Heap History (10 events):
Event: 315.617 GC heap before
{Heap before GC invocations=78 (full 0):
 garbage-first heap   total 6291456K, used 4860190K [0x0000000640000000, 0x0000000642000600, 0x00000007c0000000)
  region size 32768K, 115 young (3768320K), 1 survivors (32768K)
 Metaspace       used 100563K, capacity 111238K, committed 111500K, reserved 1144832K
  class space    used 13509K, capacity 15983K, committed 16012K, reserved 1048576K
Event: 315.623 GC heap after
Heap after GC invocations=79 (full 0):
 garbage-first heap   total 6291456K, used 1122516K [0x0000000640000000, 0x0000000642000600, 0x00000007c0000000)
  region size 32768K, 1 young (32768K), 1 survivors (32768K)
 Metaspace       used 100563K, capacity 111238K, committed 111500K, reserved 1144832K
  class space    used 13509K, capacity 15983K, committed 16012K, reserved 1048576K
}
Event: 329.604 GC heap before
{Heap before GC invocations=79 (full 0):
 garbage-first heap   total 6291456K, used 4858068K [0x0000000640000000, 0x0000000642000600, 0x00000007c0000000)
  region size 32768K, 115 young (3768320K), 1 survivors (32768K)
 Metaspace       used 100566K, capacity 111238K, committed 111500K, reserved 1144832K
  class space    used 13509K, capacity 15983K, committed 16012K, reserved 1048576K
Event: 329.610 GC heap after
Heap after GC invocations=80 (full 0):
 garbage-first heap   total 6291456K, used 1117456K [0x0000000640000000, 0x0000000642000600, 0x00000007c0000000)
  region size 32768K, 1 young (32768K), 1 survivors (32768K)
 Metaspace       used 100566K, capacity 111238K, committed 111500K, reserved 1144832K
  class space    used 13509K, capacity 15983K, committed 16012K, reserved 1048576K
}
Event: 344.856 GC heap before
{Heap before GC invocations=80 (full 0):
 garbage-first heap   total 6291456K, used 4853008K [0x0000000640000000, 0x0000000642000600, 0x00000007c0000000)
  region size 32768K, 115 young (3768320K), 1 survivors (32768K)
 Metaspace       used 100575K, capacity 111302K, committed 111500K, reserved 1144832K
  class space    used 13509K, capacity 15983K, committed 16012K, reserved 1048576K
Event: 344.863 GC heap after
Heap after GC invocations=81 (full 0):
 garbage-first heap   total 6291456K, used 1117803K [0x0000000640000000, 0x0000000642000600, 0x00000007c0000000)
  region size 32768K, 1 young (32768K), 1 survivors (32768K)
 Metaspace       used 100575K, capacity 111302K, committed 111500K, reserved 1144832K
  class space    used 13509K, capacity 15983K, committed 16012K, reserved 1048576K
}
Event: 361.719 GC heap before
{Heap before GC invocations=81 (full 0):
 garbage-first heap   total 6291456K, used 4853355K [0x0000000640000000, 0x0000000642000600, 0x00000007c0000000)
  region size 32768K, 115 young (3768320K), 1 survivors (32768K)
 Metaspace       used 100576K, capacity 111302K, committed 111500K, reserved 1144832K
  class space    used 13509K, capacity 15983K, committed 16012K, reserved 1048576K
Event: 361.728 GC heap after
Heap after GC invocations=82 (full 0):
 garbage-first heap   total 6291456K, used 1123277K [0x0000000640000000, 0x0000000642000600, 0x00000007c0000000)
  region size 32768K, 1 young (32768K), 1 survivors (32768K)
 Metaspace       used 100576K, capacity 111302K, committed 111500K, reserved 1144832K
  class space    used 13509K, capacity 15983K, committed 16012K, reserved 1048576K
}
Event: 378.612 GC heap before
{Heap before GC invocations=82 (full 0):
 garbage-first heap   total 6291456K, used 4858829K [0x0000000640000000, 0x0000000642000600, 0x00000007c0000000)
  region size 32768K, 115 young (3768320K), 1 survivors (32768K)
 Metaspace       used 100585K, capacity 111302K, committed 111500K, reserved 1144832K
  class space    used 13509K, capacity 15983K, committed 16012K, reserved 1048576K
Event: 378.618 GC heap after
Heap after GC invocations=83 (full 0):
 garbage-first heap   total 6291456K, used 1123616K [0x0000000640000000, 0x0000000642000600, 0x00000007c0000000)
  region size 32768K, 1 young (32768K), 1 survivors (32768K)
 Metaspace       used 100585K, capacity 111302K, committed 111500K, reserved 1144832K
  class space    used 13509K, capacity 15983K, committed 16012K, reserved 1048576K
}

Deoptimization events (10 events):
Event: 348.658 Thread 0x00000000341fd800 Uncommon trap: reason=unstable_if action=reinterpret pc=0x00000000046a7990 method=xaero.map.region.MapPixel.getPixelLight(I)F @ 1
Event: 349.358 Thread 0x0000000002503800 Uncommon trap: reason=unstable_if action=reinterpret pc=0x00000000061170e8 method=net.minecraft.client.renderer.WorldRenderer.func_215320_a(Lnet/minecraft/client/renderer/ActiveRenderInfo;Lnet/minecraft/client/renderer/culling/ICamera;IZ)V @ 2010
Event: 349.358 Thread 0x0000000002503800 Uncommon trap: reason=unstable_if action=reinterpret pc=0x000000000334ca18 method=it.unimi.dsi.fastutil.objects.ObjectLinkedOpenHashSet.add(Ljava/lang/Object;)Z @ 51
Event: 349.358 Thread 0x0000000002503800 Uncommon trap: reason=unstable_if action=reinterpret pc=0x000000000658d744 method=net.minecraft.client.renderer.WorldRenderer.func_174967_a(J)V @ 34
Event: 349.358 Thread 0x00000000342ef800 Uncommon trap: reason=unstable_if action=reinterpret pc=0x0000000006379470 method=net.minecraft.client.renderer.chunk.ChunkRender.func_217674_b()Z @ 11
Event: 349.820 Thread 0x00000000341fd800 Uncommon trap: reason=unstable_if action=reinterpret pc=0x00000000067b7f84 method=xaero.map.MapWriter.isInvisible(Lnet/minecraft/world/World;Lnet/minecraft/block/BlockState;Lnet/minecraft/block/Block;)Z @ 50
Event: 349.821 Thread 0x00000000341fd800 Uncommon trap: reason=unstable_if action=reinterpret pc=0x0000000005fe3b54 method=xaero.map.MapWriter.isInvisible(Lnet/minecraft/world/World;Lnet/minecraft/block/BlockState;Lnet/minecraft/block/Block;)Z @ 50
Event: 349.823 Thread 0x00000000341fd800 Uncommon trap: reason=class_check action=maybe_recompile pc=0x0000000005ee9360 method=xaero.map.MapWriter.loadBlockColourFromTexture(Lnet/minecraft/block/BlockState;ZLnet/minecraft/world/World;Lnet/minecraft/util/math/BlockPos;)I @ 114
Event: 352.971 Thread 0x0000000002503800 Uncommon trap: reason=unstable_if action=reinterpret pc=0x0000000005148f7c method=net.minecraft.client.renderer.WorldRenderer.func_195469_b(Lnet/minecraft/particles/IParticleData;ZZDDDDDD)Lnet/minecraft/client/particle/Particle; @ 258
Event: 386.571 Thread 0x000000002bb6c000 Uncommon trap: reason=unstable_if action=reinterpret pc=0x0000000004e82450 method=java.util.concurrent.ForkJoinPool.runWorker(Ljava/util/concurrent/ForkJoinPool$WorkQueue;)V @ 47

Internal exceptions (10 events):
Event: 231.060 Thread 0x00000000341fd800 Exception <a 'sun/nio/fs/WindowsException'> (0x00000007bb008130) thrown at [C:\re\workspace\8-2-build-windows-amd64-cygwin\jdk8u51\3951\hotspot\src\share\vm\prims\jni.cpp, line 709]
Event: 287.248 Thread 0x00000000341fd800 Exception <a 'sun/nio/fs/WindowsException'> (0x00000007ae1b0ed8) thrown at [C:\re\workspace\8-2-build-windows-amd64-cygwin\jdk8u51\3951\hotspot\src\share\vm\prims\jni.cpp, line 709]
Event: 287.257 Thread 0x00000000341fd800 Exception <a 'sun/nio/fs/WindowsException'> (0x00000007ae1bafb0) thrown at [C:\re\workspace\8-2-build-windows-amd64-cygwin\jdk8u51\3951\hotspot\src\share\vm\prims\jni.cpp, line 709]
Event: 291.267 Thread 0x00000000341fd800 Exception <a 'sun/nio/fs/WindowsException'> (0x00000007ae1c66a8) thrown at [C:\re\workspace\8-2-build-windows-amd64-cygwin\jdk8u51\3951\hotspot\src\share\vm\prims\jni.cpp, line 709]
Event: 293.336 Thread 0x00000000341fd800 Exception <a 'sun/nio/fs/WindowsException'> (0x0000000753a886f0) thrown at [C:\re\workspace\8-2-build-windows-amd64-cygwin\jdk8u51\3951\hotspot\src\share\vm\prims\jni.cpp, line 709]
Event: 347.530 Thread 0x00000000341fd800 Exception <a 'sun/nio/fs/WindowsException'> (0x00000007a82df858) thrown at [C:\re\workspace\8-2-build-windows-amd64-cygwin\jdk8u51\3951\hotspot\src\share\vm\prims\jni.cpp, line 709]
Event: 348.731 Thread 0x00000000341fd800 Exception <a 'sun/nio/fs/WindowsException'> (0x000000078ba688f8) thrown at [C:\re\workspace\8-2-build-windows-amd64-cygwin\jdk8u51\3951\hotspot\src\share\vm\prims\jni.cpp, line 709]
Event: 349.358 Thread 0x0000000002503800 Implicit null exception at 0x000000000334c830 to 0x000000000334c9ed
Event: 353.844 Thread 0x00000000341fd800 Exception <a 'sun/nio/fs/WindowsException'> (0x0000000778013e40) thrown at [C:\re\workspace\8-2-build-windows-amd64-cygwin\jdk8u51\3951\hotspot\src\share\vm\prims\jni.cpp, line 709]
Event: 356.852 Thread 0x00000000341fd800 Exception <a 'sun/nio/fs/WindowsException'> (0x00000007440080b0) thrown at [C:\re\workspace\8-2-build-windows-amd64-cygwin\jdk8u51\3951\hotspot\src\share\vm\prims\jni.cpp, line 709]

Events (10 events):
Event: 374.007 Executing VM operation: RevokeBias done
Event: 374.007 Thread 0x0000000079c18000 Thread exited: 0x0000000079c18000
Event: 378.612 Executing VM operation: G1IncCollectionPause
Event: 378.618 Executing VM operation: G1IncCollectionPause done
Event: 386.571 Thread 0x000000002bb6c000 Uncommon trap: trap_request=0xffffff65 fr.pc=0x0000000004e82450
Event: 386.571 Thread 0x000000002bb6c000 DEOPT PACKING pc=0x0000000004e82450 sp=0x00000000394ef0d0
Event: 386.571 Thread 0x000000002bb6c000 DEOPT UNPACKING pc=0x000000000264582a sp=0x00000000394ef0a0 mode 2
Event: 386.571 Executing VM operation: RevokeBias
Event: 386.571 Executing VM operation: RevokeBias done
Event: 386.571 Thread 0x000000002bb6c000 Thread exited: 0x000000002bb6c000


Dynamic libraries:
0x00007ff6e8700000 - 0x00007ff6e8737000 	C:\Program Files (x86)\Minecraft Launcher\runtime\jre-x64\bin\javaw.exe
0x00007ff8f0e20000 - 0x00007ff8f1010000 	C:\Windows\SYSTEM32\ntdll.dll
0x00007ff8ce330000 - 0x00007ff8ce343000 	C:\Program Files\AVG\Antivirus\aswhook.dll
0x00007ff8f0630000 - 0x00007ff8f06e2000 	C:\Windows\System32\KERNEL32.DLL
0x00007ff8edf40000 - 0x00007ff8ee1e3000 	C:\Windows\System32\KERNELBASE.dll
0x00007ff8ebe90000 - 0x00007ff8ebf1f000 	C:\Windows\SYSTEM32\apphelp.dll
0x00007ff8b4190000 - 0x00007ff8b4622000 	C:\Windows\SYSTEM32\AcLayers.DLL
0x00007ff8ef1d0000 - 0x00007ff8ef26e000 	C:\Windows\System32\msvcrt.dll
0x00007ff8efc60000 - 0x00007ff8efdf4000 	C:\Windows\System32\USER32.dll
0x00007ff8ede10000 - 0x00007ff8ede31000 	C:\Windows\System32\win32u.dll
0x00007ff8ef420000 - 0x00007ff8ef446000 	C:\Windows\System32\GDI32.dll
0x00007ff8ee2e0000 - 0x00007ff8ee474000 	C:\Windows\System32\gdi32full.dll
0x00007ff8ee1f0000 - 0x00007ff8ee28e000 	C:\Windows\System32\msvcp_win.dll
0x00007ff8ede40000 - 0x00007ff8edf3a000 	C:\Windows\System32\ucrtbase.dll
0x00007ff8eef50000 - 0x00007ff8eefa2000 	C:\Windows\System32\SHLWAPI.dll
0x00007ff8eff30000 - 0x00007ff8f0266000 	C:\Windows\System32\combase.dll
0x00007ff8f0270000 - 0x00007ff8f0390000 	C:\Windows\System32\RPCRT4.dll
0x00007ff8ee480000 - 0x00007ff8ee500000 	C:\Windows\System32\bcryptPrimitives.dll
0x00007ff8eefc0000 - 0x00007ff8ef063000 	C:\Windows\System32\ADVAPI32.dll
0x00007ff8ef450000 - 0x00007ff8ef4e7000 	C:\Windows\System32\sechost.dll
0x00000000003e0000 - 0x00000000003e3000 	C:\Windows\SYSTEM32\sfc.dll
0x00007ff8d1150000 - 0x00007ff8d11d9000 	C:\Windows\SYSTEM32\WINSPOOL.DRV
0x00007ff8edd40000 - 0x00007ff8edd51000 	C:\Windows\System32\kernel.appcore.dll
0x00007ff8ee5b0000 - 0x00007ff8ee5d6000 	C:\Windows\System32\bcrypt.dll
0x00007ff8ea510000 - 0x00007ff8ea5ff000 	C:\Windows\SYSTEM32\PROPSYS.dll
0x00007ff8f0560000 - 0x00007ff8f0624000 	C:\Windows\System32\OLEAUT32.dll
0x00007ff8ef5e0000 - 0x00007ff8ef689000 	C:\Windows\System32\shcore.dll
0x00007ff8ed260000 - 0x00007ff8ed29a000 	C:\Windows\SYSTEM32\IPHLPAPI.DLL
0x00007ff8ce4f0000 - 0x00007ff8ce501000 	C:\Windows\SYSTEM32\sfc_os.DLL
0x00007ff8d9600000 - 0x00007ff8d965d000 	C:\Windows\SYSTEM32\AcGenral.DLL
0x00007ff8ef690000 - 0x00007ff8ef7e7000 	C:\Windows\System32\ole32.dll
0x00007ff8f06f0000 - 0x00007ff8f0dd5000 	C:\Windows\System32\SHELL32.dll
0x00007ff8ee290000 - 0x00007ff8ee2da000 	C:\Windows\System32\cfgmgr32.dll
0x00007ff8ee5e0000 - 0x00007ff8eed60000 	C:\Windows\System32\windows.storage.dll
0x00007ff8edd60000 - 0x00007ff8edd83000 	C:\Windows\System32\profapi.dll
0x00007ff8edcf0000 - 0x00007ff8edd3a000 	C:\Windows\System32\powrprof.dll
0x00007ff8edce0000 - 0x00007ff8edcf0000 	C:\Windows\System32\UMPDC.dll
0x00007ff8eeeb0000 - 0x00007ff8eeec7000 	C:\Windows\System32\cryptsp.dll
0x00007ff8edbd0000 - 0x00007ff8edbf5000 	C:\Windows\SYSTEM32\USERENV.dll
0x00007ff8cd480000 - 0x00007ff8cd49b000 	C:\Windows\SYSTEM32\MPR.dll
0x00007ff8edc00000 - 0x00007ff8edc2f000 	C:\Windows\SYSTEM32\SspiCli.dll
0x00007ff8ef070000 - 0x00007ff8ef09e000 	C:\Windows\System32\IMM32.DLL
0x00007ff8df7d0000 - 0x00007ff8dfa55000 	C:\Windows\WinSxS\amd64_microsoft.windows.common-controls_6595b64144ccf1df_6.0.18362.752_none_e6c0b5ed1312b70c\COMCTL32.dll
0x000000006fa50000 - 0x000000006fb22000 	C:\Program Files (x86)\Minecraft Launcher\runtime\jre-x64\bin\msvcr100.dll
0x000000006f1c0000 - 0x000000006fa43000 	C:\Program Files (x86)\Minecraft Launcher\runtime\jre-x64\bin\server\jvm.dll
0x00007ff8eefb0000 - 0x00007ff8eefb8000 	C:\Windows\System32\PSAPI.DLL
0x00007ff8ddfa0000 - 0x00007ff8ddfa9000 	C:\Windows\SYSTEM32\WSOCK32.dll
0x00007ff8ef4f0000 - 0x00007ff8ef55f000 	C:\Windows\System32\WS2_32.dll
0x00007ff8ebc50000 - 0x00007ff8ebc74000 	C:\Windows\SYSTEM32\WINMM.dll
0x00007ff8e7f70000 - 0x00007ff8e7f7a000 	C:\Windows\SYSTEM32\VERSION.dll
0x00007ff8eb7d0000 - 0x00007ff8eb7fd000 	C:\Windows\SYSTEM32\WINMMBASE.dll
0x000000006f1b0000 - 0x000000006f1bf000 	C:\Program Files (x86)\Minecraft Launcher\runtime\jre-x64\bin\verify.dll
0x000000006f180000 - 0x000000006f1a9000 	C:\Program Files (x86)\Minecraft Launcher\runtime\jre-x64\bin\java.dll
0x000000006f160000 - 0x000000006f176000 	C:\Program Files (x86)\Minecraft Launcher\runtime\jre-x64\bin\zip.dll
0x000000006f150000 - 0x000000006f15d000 	C:\Program Files (x86)\Minecraft Launcher\runtime\jre-x64\bin\management.dll
0x000000006f130000 - 0x000000006f14a000 	C:\Program Files (x86)\Minecraft Launcher\runtime\jre-x64\bin\net.dll
0x00007ff8ed550000 - 0x00007ff8ed5b7000 	C:\Windows\system32\mswsock.dll
0x00007ff8d9b70000 - 0x00007ff8d9b86000 	C:\Windows\system32\napinsp.dll
0x00007ff8d9b50000 - 0x00007ff8d9b6a000 	C:\Windows\system32\pnrpnsp.dll
0x00007ff8ed2a0000 - 0x00007ff8ed36a000 	C:\Windows\SYSTEM32\DNSAPI.dll
0x00007ff8efe70000 - 0x00007ff8efe78000 	C:\Windows\System32\NSI.dll
0x00007ff8d9840000 - 0x00007ff8d984e000 	C:\Windows\System32\winrnr.dll
0x00007ff8ea4f0000 - 0x00007ff8ea50c000 	C:\Windows\system32\NLAapi.dll
0x00007ff8d9820000 - 0x00007ff8d9835000 	C:\Windows\system32\wshbth.dll
0x00007ff8de6e0000 - 0x00007ff8de6ea000 	C:\Windows\System32\rasadhlp.dll
0x00007ff8e7b30000 - 0x00007ff8e7ba7000 	C:\Windows\System32\fwpuclnt.dll
0x000000006f110000 - 0x000000006f121000 	C:\Program Files (x86)\Minecraft Launcher\runtime\jre-x64\bin\nio.dll
0x000000006f0e0000 - 0x000000006f104000 	C:\Program Files (x86)\Minecraft Launcher\runtime\jre-x64\bin\sunec.dll
0x00007ff8ed0c0000 - 0x00007ff8ed0f3000 	C:\Windows\system32\rsaenh.dll
0x00007ff8ed720000 - 0x00007ff8ed72c000 	C:\Windows\SYSTEM32\CRYPTBASE.dll
0x00007ff8d9150000 - 0x00007ff8d91c2000 	C:\Users\William Smith\AppData\Roaming\.minecraft\bin\0110-a7b5-4e9a-5f4a\lwjgl.dll
0x00007ff8b5330000 - 0x00007ff8b5581000 	C:\Users\William Smith\AppData\Roaming\.minecraft\bin\0110-a7b5-4e9a-5f4a\jemalloc.dll
0x00007ff8d8d10000 - 0x00007ff8d8d6e000 	C:\Users\William Smith\AppData\Roaming\.minecraft\bin\0110-a7b5-4e9a-5f4a\glfw.dll
0x00007ff8ec060000 - 0x00007ff8ec0f9000 	C:\Windows\system32\uxtheme.dll
0x00007ff8edae0000 - 0x00007ff8edb0a000 	C:\Windows\SYSTEM32\DEVOBJ.dll
0x00007ff8ec480000 - 0x00007ff8ec4ad000 	C:\Windows\SYSTEM32\dwmapi.dll
0x00007ff8e5610000 - 0x00007ff8e572a000 	C:\Windows\SYSTEM32\inputhost.dll
0x00007ff8eb800000 - 0x00007ff8eb8d4000 	C:\Windows\SYSTEM32\CoreMessaging.dll
0x00007ff8e97d0000 - 0x00007ff8e9afa000 	C:\Windows\SYSTEM32\CoreUIComponents.dll
0x00007ff8e9470000 - 0x00007ff8e95c3000 	C:\Windows\SYSTEM32\wintypes.dll
0x00007ff8ecd40000 - 0x00007ff8ecd71000 	C:\Windows\SYSTEM32\ntmarta.dll
0x00007ff8f0420000 - 0x00007ff8f0556000 	C:\Windows\System32\MSCTF.dll
0x00007ff8ef7f0000 - 0x00007ff8efc60000 	C:\Windows\System32\SETUPAPI.DLL
0x00007ff8eddb0000 - 0x00007ff8ede0c000 	C:\Windows\System32\WINTRUST.dll
0x00007ff8edd90000 - 0x00007ff8edda2000 	C:\Windows\System32\MSASN1.dll
0x00007ff8eed60000 - 0x00007ff8eeea9000 	C:\Windows\System32\CRYPT32.dll
0x00007ff8d61d0000 - 0x00007ff8d6326000 	C:\Windows\SYSTEM32\opengl32.dll
0x00007ff8d8ce0000 - 0x00007ff8d8d0c000 	C:\Windows\SYSTEM32\GLU32.dll
0x00007ff8ec950000 - 0x00007ff8ec970000 	C:\Windows\SYSTEM32\dxcore.dll
0x00007ff8ab1c0000 - 0x00007ff8ad8e4000 	C:\Windows\System32\DriverStore\FileRepository\nv_dispi.inf_amd64_5287c583fc2a7e41\nvoglv64.dll
0x00007ff8ea7f0000 - 0x00007ff8ea803000 	C:\Windows\SYSTEM32\WTSAPI32.dll
0x00007ff8b2850000 - 0x00007ff8b2b14000 	C:\Windows\system32\nvspcap64.dll
0x00007ff8ecf90000 - 0x00007ff8ecfec000 	C:\Windows\SYSTEM32\WINSTA.dll
0x00007ff8e5730000 - 0x00007ff8e57ce000 	C:\Windows\System32\TextInputFramework.dll
0x00007ff8e3bb0000 - 0x00007ff8e3e56000 	C:\Windows\System32\iertutil.dll
0x00007ff8d7b70000 - 0x00007ff8d7bc8000 	C:\Users\William Smith\AppData\Roaming\.minecraft\bin\0110-a7b5-4e9a-5f4a\lwjgl_opengl.dll
0x00007ff8d6460000 - 0x00007ff8d64df000 	C:\Users\William Smith\AppData\Roaming\.minecraft\bin\0110-a7b5-4e9a-5f4a\lwjgl_stb.dll
0x00007ff8da350000 - 0x00007ff8da393000 	C:\Windows\SYSTEM32\dinput8.dll
0x00007ff8def60000 - 0x00007ff8def71000 	C:\Windows\SYSTEM32\xinput1_4.dll
0x00007ff8ec8f0000 - 0x00007ff8ec8fe000 	C:\Windows\SYSTEM32\HID.DLL
0x00007ff8e87b0000 - 0x00007ff8e885e000 	C:\Windows\SYSTEM32\mscms.dll
0x00007ff8e8790000 - 0x00007ff8e87a7000 	C:\Windows\SYSTEM32\ColorAdapterClient.dll
0x00007ff8d7ae0000 - 0x00007ff8d7b23000 	C:\Windows\SYSTEM32\icm32.dll
0x00007ff8d6410000 - 0x00007ff8d6452000 	C:\Users\William Smith\AppData\Local\Temp\jna-61195942\jna8952447439620447822.dll
0x00007ff8e62f0000 - 0x00007ff8e630a000 	C:\Users\William Smith\AppData\Roaming\.minecraft\bin\0110-a7b5-4e9a-5f4a\SAPIWrapper_x64.dll
0x00007ff8efe80000 - 0x00007ff8eff22000 	C:\Windows\System32\clbcatq.dll
0x00007ff8b5010000 - 0x00007ff8b518f000 	C:\Windows\System32\Speech\Common\sapi.dll
0x00007ff8d0750000 - 0x00007ff8d076c000 	C:\Windows\SYSTEM32\MSACM32.dll
0x00007ff8e70a0000 - 0x00007ff8e70ab000 	C:\Windows\SYSTEM32\msdmo.dll
0x00007ff8e5930000 - 0x00007ff8e59a2000 	C:\Windows\System32\MMDevApi.dll
0x000000006ef40000 - 0x000000006f0d8000 	C:\Program Files (x86)\Minecraft Launcher\runtime\jre-x64\bin\awt.dll
0x00007ff8b61d0000 - 0x00007ff8b62e4000 	C:\Users\William Smith\AppData\Roaming\.minecraft\bin\0110-a7b5-4e9a-5f4a\OpenAL.dll
0x00007ff8e5c40000 - 0x00007ff8e5d9d000 	C:\Windows\SYSTEM32\AUDIOSES.DLL
0x00007ff8ec390000 - 0x00007ff8ec3a4000 	C:\Windows\SYSTEM32\resourcepolicyclient.dll
0x00007ff8e8750000 - 0x00007ff8e8766000 	C:\Windows\SYSTEM32\dhcpcsvc6.DLL
0x00007ff8e8920000 - 0x00007ff8e893c000 	C:\Windows\SYSTEM32\dhcpcsvc.DLL
0x00007ff8e5ec0000 - 0x00007ff8e60b4000 	C:\Windows\SYSTEM32\dbghelp.dll

VM Arguments:
jvm_args: -XX:HeapDumpPath=MojangTricksIntelDriversForPerformance_javaw.exe_minecraft.exe.heapdump -Dos.name=Windows 10 -Dos.version=10.0 -Xss1M -Djava.library.path=C:\Users\William Smith\AppData\Roaming\.minecraft\bin\0110-a7b5-4e9a-5f4a -Dminecraft.launcher.brand=minecraft-launcher -Dminecraft.launcher.version=2.1.13508 -Xmx6G -XX:+UnlockExperimentalVMOptions -XX:+UseG1GC -XX:G1NewSizePercent=20 -XX:G1ReservePercent=20 -XX:MaxGCPauseMillis=50 -XX:G1HeapRegionSize=32M 
java_command: cpw.mods.modlauncher.Launcher --username WinterySnowall --version 1.14.4-forge-28.1.56 --gameDir C:\Users\William Smith\AppData\Roaming\.minecraft --assetsDir C:\Users\William Smith\AppData\Roaming\.minecraft\assets --assetIndex 1.14 --uuid dc18756b67ce485eadffa960123299b7 --accessToken eyJhbGciOiJIUzI1NiJ9.eyJzdWIiOiIzMDdmMjBiOTZhZDRmMWYzNWM1ZTVmZGQ0YmFiNzBhNyIsInlnZ3QiOiIwODdiODhhMzQ4N2Q0YzhhODdmOWEzNzk5NDUxYmIxNSIsInNwciI6ImRjMTg3NTZiNjdjZTQ4NWVhZGZmYTk2MDEyMzI5OWI3IiwiaXNzIjoiWWdnZHJhc2lsLUF1dGgiLCJleHAiOjE1ODY0MDk3NzAsImlhdCI6MTU4NjIzNjk3MH0.qhDQZ4NssW-UhQkMRHX7Zzph885_ohO07RdBRXjKJ0Q --userType mojang --versionType release --width 1920 --height 1080 --launchTarget fmlclient --fml.forgeVersion 28.1.56 --fml.mcVersion 1.14.4 --fml.forgeGroup net.minecraftforge --fml.mcpVersion 20190829.143755
java_class_path (initial): C:\Users\William Smith\AppData\Roaming\.minecraft\libraries\net\minecraftforge\forge\1.14.4-28.1.56\forge-1.14.4-28.1.56.jar;C:\Users\William Smith\AppData\Roaming\.minecraft\libraries\org\ow2\asm\asm\6.2\asm-6.2.jar;C:\Users\William Smith\AppData\Roaming\.minecraft\libraries\org\ow2\asm\asm-commons\6.2\asm-commons-6.2.jar;C:\Users\William Smith\AppData\Roaming\.minecraft\libraries\org\ow2\asm\asm-tree\6.2\asm-tree-6.2.jar;C:\Users\William Smith\AppData\Roaming\.minecraft\libraries\cpw\mods\modlauncher\4.1.0\modlauncher-4.1.0.jar;C:\Users\William Smith\AppData\Roaming\.minecraft\libraries\cpw\mods\grossjava9hacks\1.1.0\grossjava9hacks-1.1.0.jar;C:\Users\William Smith\AppData\Roaming\.minecraft\libraries\net\minecraftforge\accesstransformers\1.0.0-shadowed\accesstransformers-1.0.0-shadowed.jar;C:\Users\William Smith\AppData\Roaming\.minecraft\libraries\net\minecraftforge\eventbus\1.0.0-service\eventbus-1.0.0-service.jar;C:\Users\William Smith\AppData\Roaming\.minecraft\libraries\net\minecraftforge\forgespi\1.4.0\forgespi-1.4.0.jar;C:\Users\William Smith\AppData\Roaming\.minecraft\libraries\net\minecraftforge\coremods\1.0.0\coremods-1.0.0.jar;C:\Users\William Smith\AppData\Roaming\.minecraft\libraries\net\minecraftforge\unsafe\0.2.0\unsafe-0.2.0.jar;C:\Users\William Smith\AppData\Roaming\.minecraft\libraries\com\electronwill\night-config\core\3.6.0\core-3.6.0.jar;C:\Users\William Smith\AppData\Roaming\.minecraft\libraries\com\electronwill\night-config\toml\3.6.0\toml-3.6.0.jar;C:\Users\William Smith\AppData\Roaming\.minecraft\libraries\org\jline\jline\3.12.1\jline-3.12.1.jar;C:\Users\William Smith\AppData\Roaming\.minecraft\libraries\org\apache\maven\maven-artifact\3.6.0\maven-artifact-3.6.0.jar;C:\Users\William Smith\AppData\Roaming\.minecraft\libraries\net\jodah\typetools\0.6.0\typetools-0.6.0.jar;C:\Users\William Smith\AppData\Roaming\.minecraft\libraries\java3d\vecmath\1.5.2\vecmath-1.5.2.jar;C:\Users\William Smith\AppData\Roaming\.min
Launcher Type: SUN_STANDARD

Environment Variables:
PATH=C:\Program Files (x86)\Common Files\Oracle\Java\javapath;C:\Windows\system32;C:\Windows;C:\Windows\System32\Wbem;C:\Windows\System32\WindowsPowerShell\v1.0\;C:\Windows\System32\OpenSSH\;C:\Program Files (x86)\NVIDIA Corporation\PhysX\Common;C:\Program Files\NVIDIA Corporation\NVIDIA NvDLISR;C:\Users\William Smith\AppData\Local\Microsoft\WindowsApps;
USERNAME=William Smith
OS=Windows_NT
PROCESSOR_IDENTIFIER=AMD64 Family 23 Model 113 Stepping 0, AuthenticAMD



---------------  S Y S T E M  ---------------

OS: Windows 10.0 , 64 bit Build 18362 (10.0.18362.752)

CPU:total 12 (12 cores per cpu, 1 threads per core) family 23 model 113 stepping 0, cmov, cx8, fxsr, mmx, sse, sse2, sse3, ssse3, sse4.1, sse4.2, popcnt, avx, avx2, aes, clmul, mmxext, 3dnowpref, lzcnt, sse4a, tsc, tscinvbit, tscinv, bmi1

Memory: 4k page, physical 16725216k(5442592k free), swap 20919520k(5518668k free)

vm_info: Java HotSpot(TM) 64-Bit Server VM (25.51-b03) for windows-amd64 JRE (1.8.0_51-b16), built on Jun  8 2015 18:03:07 by "java_re" with MS VC++ 10.0 (VS2010)

time: Tue Apr 07 03:58:38 2020
elapsed time: 389 seconds (0d 0h 6m 29s)

