#
# A fatal error has been detected by the Java Runtime Environment:
#
#  EXCEPTION_ACCESS_VIOLATION (0xc0000005) at pc=0x0000000045622000, pid=8044, tid=17296
#
# JRE version: Java(TM) SE Runtime Environment (8.0_51-b16) (build 1.8.0_51-b16)
# Java VM: Java HotSpot(TM) 64-Bit Server VM (25.51-b03 mixed mode windows-amd64 compressed oops)
# Problematic frame:
# C  0x0000000045622000
#
# Failed to write core dump. Minidumps are not enabled by default on client versions of Windows
#
# If you would like to submit a bug report, please visit:
#   http://bugreport.java.com/bugreport/crash.jsp
# The crash happened outside the Java Virtual Machine in native code.
# See problematic frame for where to report the bug.
#

---------------  T H R E A D  ---------------

Current thread (0x0000000002443800):  JavaThread "Client thread" [_thread_in_native, id=17296, stack(0x0000000002340000,0x0000000002440000)]

siginfo: ExceptionCode=0xc0000005, ExceptionInformation=0x0000000000000008 0x0000000045622000

Registers:
RAX=0x0000000000000000, RBX=0x000000002c380000, RCX=0x000000002c380000, RDX=0x00000000f59045e0
RSP=0x000000000243de48, RBP=0x000000000243df10, RSI=0x0000000000000000, RDI=0x00000000f59045e0
R8 =0x0000000000000001, R9 =0x000000002d3c30b0, R10=0x000000000000682c, R11=0x0000000000000000
R12=0x0000000000000000, R13=0x00000000caaa4be7, R14=0x000000000243df00, R15=0x0000000002443800
RIP=0x0000000045622000, EFLAGS=0x0000000000010202

Top of Stack: (sp=0x000000000243de48)
0x000000000243de48:   00007ff8abb093b0 000000002c380000
0x000000000243de58:   000000000000008b 000000002c380000
0x000000000243de68:   000000000243df10 00000000f8155a85
0x000000000243de78:   00007ff8abb0c11b 000000000243df10
0x000000000243de88:   000000000000008b 000000002c380000
0x000000000243de98:   00000000038b06ae 000000000000008d
0x000000000243dea8:   000000000578cb83 000000003f800000
0x000000000243deb8:   000000003f800000 00000000c2dc8541
0x000000000243dec8:   00007ff8ab95904c 00000000000001a0
0x000000000243ded8:   00000007c0a9e558 000000000243df60
0x000000000243dee8:   0000000003d28b34 0000000655081e78
0x000000000243def8:   0000000688037ad0 0000000688037ad0
0x000000000243df08:   0000000655081e01 0000000000000001
0x000000000243df18:   0000000005b2b8f4 0000000652ae06b0
0x000000000243df28:   00000000ca55c0d3 0000016700000168
0x000000000243df38:   0000000600000000 0000000655525f38 

Instructions: (pc=0x0000000045622000)
0x0000000045621fe0:   00 00 00 00 00 00 00 00 00 00 00 00 00 00 00 00
0x0000000045621ff0:   00 00 00 00 00 00 00 00 00 00 00 00 00 00 00 00
0x0000000045622000:   00 00 00 00 00 00 00 00 00 00 00 00 00 00 00 00
0x0000000045622010:   00 00 00 00 00 00 00 00 00 00 00 00 00 00 00 00 


Register to memory mapping:

RAX=0x0000000000000000 is an unknown value
RBX=0x000000002c380000 is an unknown value
RCX=0x000000002c380000 is an unknown value
RDX=0x00000000f59045e0 is an unknown value
RSP=0x000000000243de48 is pointing into the stack for thread: 0x0000000002443800
RBP=0x000000000243df10 is pointing into the stack for thread: 0x0000000002443800
RSI=0x0000000000000000 is an unknown value
RDI=0x00000000f59045e0 is an unknown value
R8 =0x0000000000000001 is an unknown value
R9 =0x000000002d3c30b0 is an unknown value
R10=0x000000000000682c is an unknown value
R11=0x0000000000000000 is an unknown value
R12=0x0000000000000000 is an unknown value
R13=0x00000000caaa4be7 is an unknown value
R14=0x000000000243df00 is pointing into the stack for thread: 0x0000000002443800
R15=0x0000000002443800 is a thread


Stack: [0x0000000002340000,0x0000000002440000],  sp=0x000000000243de48,  free space=1015k
Native frames: (J=compiled Java code, j=interpreted, Vv=VM code, C=native code)
C  0x0000000045622000

Java frames: (J=compiled Java code, j=interpreted, Vv=VM code)
J 22603  org.lwjgl.opengl.GL11.glCallList(I)V (0 bytes) @ 0x000000000578cb01 [0x000000000578cac0+0x41]
J 25688 C2 net.minecraft.client.renderer.RenderList.func_178001_a(Lnet/minecraft/util/BlockRenderLayer;)V (294 bytes) @ 0x0000000005b2b8f4 [0x0000000005b2b740+0x1b4]
J 25867 C2 net.minecraft.client.renderer.WorldRenderer.func_215323_a(Lnet/minecraft/util/BlockRenderLayer;Lnet/minecraft/client/renderer/ActiveRenderInfo;)I (452 bytes) @ 0x0000000005fc56dc [0x0000000005fc4a00+0xcdc]
J 26720 C1 net.minecraft.client.renderer.GameRenderer.func_181560_a(FJ)V (1874 bytes) @ 0x00000000066655fc [0x0000000006660b60+0x4a9c]
J 26327 C1 net.minecraft.client.renderer.GameRenderer.func_78471_a(FJ)V (105 bytes) @ 0x000000000618eca4 [0x000000000618e600+0x6a4]
J 28466 C1 net.minecraft.client.renderer.GameRenderer.func_195458_a(FJZ)V (1040 bytes) @ 0x0000000006a8affc [0x0000000006a89c60+0x139c]
J 28679 C1 net.minecraft.client.Minecraft.func_195542_b(Z)V (936 bytes) @ 0x000000000694cae4 [0x0000000006949dc0+0x2d24]
j  net.minecraft.client.Minecraft.func_99999_d()V+85
j  net.minecraft.client.main.Main.main([Ljava/lang/String;)V+1174
v  ~StubRoutines::call_stub
j  sun.reflect.NativeMethodAccessorImpl.invoke0(Ljava/lang/reflect/Method;Ljava/lang/Object;[Ljava/lang/Object;)Ljava/lang/Object;+0
j  sun.reflect.NativeMethodAccessorImpl.invoke(Ljava/lang/Object;[Ljava/lang/Object;)Ljava/lang/Object;+100
j  sun.reflect.DelegatingMethodAccessorImpl.invoke(Ljava/lang/Object;[Ljava/lang/Object;)Ljava/lang/Object;+6
j  java.lang.reflect.Method.invoke(Ljava/lang/Object;[Ljava/lang/Object;)Ljava/lang/Object;+56
j  net.minecraftforge.fml.loading.FMLClientLaunchProvider.lambda$launchService$0(Lcpw/mods/modlauncher/api/ITransformingClassLoader;[Ljava/lang/String;)Ljava/lang/Void;+50
j  net.minecraftforge.fml.loading.FMLClientLaunchProvider$$Lambda$389.call()Ljava/lang/Object;+12
j  cpw.mods.modlauncher.LaunchServiceHandlerDecorator.launch([Ljava/lang/String;Lcpw/mods/modlauncher/api/ITransformingClassLoader;)V+11
j  cpw.mods.modlauncher.LaunchServiceHandler.launch(Ljava/lang/String;[Ljava/lang/String;Lcpw/mods/modlauncher/TransformingClassLoader;Lcpw/mods/modlauncher/LaunchPluginHandler;)V+57
j  cpw.mods.modlauncher.LaunchServiceHandler.launch(Lcpw/mods/modlauncher/ArgumentHandler;Lcpw/mods/modlauncher/TransformingClassLoader;Lcpw/mods/modlauncher/LaunchPluginHandler;)V+19
j  cpw.mods.modlauncher.Launcher.run([Ljava/lang/String;)V+116
j  cpw.mods.modlauncher.Launcher.main([Ljava/lang/String;)V+37
v  ~StubRoutines::call_stub

---------------  P R O C E S S  ---------------

Java Threads: ( => current thread )
  0x000000002c0b4000 JavaThread "pool-3-thread-1" [_thread_blocked, id=3628, stack(0x00000000d7e70000,0x00000000d7f70000)]
  0x0000000027dc6000 JavaThread "Chunk Batcher 11" daemon [_thread_blocked, id=3700, stack(0x00000000d7ae0000,0x00000000d7be0000)]
  0x0000000027dc3800 JavaThread "Chunk Batcher 10" daemon [_thread_blocked, id=16088, stack(0x00000000d79e0000,0x00000000d7ae0000)]
  0x000000002df93000 JavaThread "Chunk Batcher 9" daemon [_thread_blocked, id=14556, stack(0x00000000d77e0000,0x00000000d78e0000)]
  0x000000002df97000 JavaThread "Chunk Batcher 8" daemon [_thread_blocked, id=15816, stack(0x00000000d76e0000,0x00000000d77e0000)]
  0x0000000027aef000 JavaThread "Chunk Batcher 7" daemon [_thread_blocked, id=11260, stack(0x00000000d75e0000,0x00000000d76e0000)]
  0x0000000027aee000 JavaThread "Chunk Batcher 6" daemon [_thread_blocked, id=12060, stack(0x00000000d74e0000,0x00000000d75e0000)]
  0x0000000027aed800 JavaThread "Chunk Batcher 5" daemon [_thread_blocked, id=11860, stack(0x00000000d73e0000,0x00000000d74e0000)]
  0x0000000027aec800 JavaThread "Chunk Batcher 4" daemon [_thread_blocked, id=14988, stack(0x00000000d72e0000,0x00000000d73e0000)]
  0x0000000027aef800 JavaThread "Chunk Batcher 3" daemon [_thread_blocked, id=11964, stack(0x00000000d71e0000,0x00000000d72e0000)]
  0x0000000027aec000 JavaThread "Chunk Batcher 2" daemon [_thread_blocked, id=6460, stack(0x00000000d70e0000,0x00000000d71e0000)]
  0x0000000027aeb000 JavaThread "Chunk Batcher 1" daemon [_thread_blocked, id=13440, stack(0x00000000d6fe0000,0x00000000d70e0000)]
  0x0000000027ae3800 JavaThread "Chunk Batcher 0" daemon [_thread_blocked, id=12592, stack(0x0000000039380000,0x0000000039480000)]
  0x0000000027aea800 JavaThread "Sound engine" daemon [_thread_blocked, id=6988, stack(0x00000000a35a0000,0x00000000a36a0000)]
  0x0000000027ae9000 JavaThread "Netty Server IO #1" daemon [_thread_in_native, id=6032, stack(0x00000000a2450000,0x00000000a2550000)]
  0x0000000027ae4800 JavaThread "Netty Local Client IO #0" daemon [_thread_blocked, id=17560, stack(0x000000004a020000,0x000000004a120000)]
  0x0000000027ae8000 JavaThread "Netty Server IO #0" daemon [_thread_in_native, id=10812, stack(0x000000003d7e0000,0x000000003d8e0000)]
  0x0000000027ae0800 JavaThread "ObjectCleanerThread" daemon [_thread_blocked, id=7036, stack(0x0000000038f30000,0x0000000039030000)]
  0x000000002df9c000 JavaThread "Server-Worker-9" daemon [_thread_blocked, id=7576, stack(0x000000004a240000,0x000000004a340000)]
  0x000000002df99000 JavaThread "Server-Worker-8" daemon [_thread_blocked, id=7400, stack(0x000000004a140000,0x000000004a240000)]
  0x0000000027dc3000 JavaThread "Thread-13" daemon [_thread_in_native, id=11712, stack(0x00000000a2660000,0x00000000a2760000)]
  0x0000000027dc2000 JavaThread "Server thread" [_thread_in_Java, id=4252, stack(0x0000000049b40000,0x0000000049c40000)]
  0x0000000027dc0000 JavaThread "Snooper Timer" daemon [_thread_blocked, id=10228, stack(0x000000003ebc0000,0x000000003ecc0000)]
  0x000000002df9f000 JavaThread "Java2D Disposer" daemon [_thread_blocked, id=12920, stack(0x0000000062690000,0x0000000062790000)]
  0x000000002df9e800 JavaThread "Thread-9" daemon [_thread_blocked, id=15664, stack(0x000000005e950000,0x000000005ea50000)]
  0x000000002dfa2000 JavaThread "Thread-8" daemon [_thread_blocked, id=15776, stack(0x000000005e850000,0x000000005e950000)]
  0x000000002df95800 JavaThread "Narrator" [_thread_blocked, id=9904, stack(0x000000003e3e0000,0x000000003e4e0000)]
  0x000000002df9a000 JavaThread "modloading-worker-3" daemon [_thread_blocked, id=10944, stack(0x000000003e0e0000,0x000000003e1e0000)]
  0x000000002df96000 JavaThread "modloading-worker-12" daemon [_thread_blocked, id=18212, stack(0x000000003dfe0000,0x000000003e0e0000)]
  0x000000002df94800 JavaThread "modloading-worker-15" daemon [_thread_blocked, id=3224, stack(0x000000003dbe0000,0x000000003dce0000)]
  0x000000002df97800 JavaThread "modloading-worker-13" daemon [_thread_blocked, id=17836, stack(0x000000003d9e0000,0x000000003dae0000)]
  0x0000000027dc5000 JavaThread "modloading-worker-2" daemon [_thread_blocked, id=452, stack(0x000000003c3a0000,0x000000003c4a0000)]
  0x0000000027dc4800 JavaThread "Timer hack thread" daemon [_thread_blocked, id=16724, stack(0x000000003a2e0000,0x000000003a3e0000)]
  0x0000000027dc0800 JavaThread "Server-Worker-6" daemon [_thread_blocked, id=16876, stack(0x0000000039480000,0x0000000039580000)]
  0x0000000027dc1800 JavaThread "Server-Worker-4" daemon [_thread_blocked, id=336, stack(0x0000000039280000,0x0000000039380000)]
  0x0000000035dbc000 JavaThread "Server-Worker-3" daemon [_thread_blocked, id=4916, stack(0x0000000039180000,0x0000000039280000)]
  0x000000002e5c2000 JavaThread "Server-Worker-2" daemon [_thread_blocked, id=7412, stack(0x0000000039080000,0x0000000039180000)]
  0x000000003603d800 JavaThread "Server-Worker-1" daemon [_thread_blocked, id=1108, stack(0x00000000383c0000,0x00000000384c0000)]
  0x000000002e1d7800 JavaThread "Snooper Timer" daemon [_thread_blocked, id=1260, stack(0x0000000035b40000,0x0000000035c40000)]
  0x0000000028b93800 JavaThread "pool-2-thread-1" daemon [_thread_blocked, id=10140, stack(0x0000000032a20000,0x0000000032b20000)]
  0x00000000283ab000 JavaThread "Thread-2" daemon [_thread_in_native, id=1332, stack(0x0000000029ca0000,0x0000000029da0000)]
  0x0000000028263800 JavaThread "Thread-1" daemon [_thread_blocked, id=14140, stack(0x0000000029ba0000,0x0000000029ca0000)]
  0x00000000271e0000 JavaThread "Service Thread" daemon [_thread_blocked, id=10444, stack(0x0000000027590000,0x0000000027690000)]
  0x0000000026657800 JavaThread "C1 CompilerThread3" daemon [_thread_blocked, id=9936, stack(0x0000000027090000,0x0000000027190000)]
  0x000000002664f000 JavaThread "C2 CompilerThread2" daemon [_thread_blocked, id=14292, stack(0x0000000026f90000,0x0000000027090000)]
  0x0000000026648800 JavaThread "C2 CompilerThread1" daemon [_thread_blocked, id=11692, stack(0x0000000026e90000,0x0000000026f90000)]
  0x0000000026644800 JavaThread "C2 CompilerThread0" daemon [_thread_blocked, id=17632, stack(0x0000000026d90000,0x0000000026e90000)]
  0x0000000026644000 JavaThread "Attach Listener" daemon [_thread_blocked, id=13960, stack(0x0000000026c90000,0x0000000026d90000)]
  0x00000000265fd800 JavaThread "Signal Dispatcher" daemon [_thread_blocked, id=17656, stack(0x0000000026b90000,0x0000000026c90000)]
  0x00000000265f8800 JavaThread "Surrogate Locker Thread (Concurrent GC)" daemon [_thread_blocked, id=7680, stack(0x0000000026a90000,0x0000000026b90000)]
  0x00000000265e8000 JavaThread "Finalizer" daemon [_thread_blocked, id=12956, stack(0x0000000026990000,0x0000000026a90000)]
  0x00000000265e1000 JavaThread "Reference Handler" daemon [_thread_blocked, id=7368, stack(0x0000000026790000,0x0000000026890000)]
=>0x0000000002443800 JavaThread "Client thread" [_thread_in_native, id=17296, stack(0x0000000002340000,0x0000000002440000)]

Other Threads:
  0x00000000265db800 VMThread [stack: 0x0000000026690000,0x0000000026790000] [id=7024]
  0x00000000271ed000 WatcherThread [stack: 0x0000000027690000,0x0000000027790000] [id=18108]

VM state:not at safepoint (normal execution)

VM Mutex/Monitor currently owned by a thread: None

Heap:
 garbage-first heap   total 6291456K, used 1966532K [0x0000000640000000, 0x0000000642000600, 0x00000007c0000000)
  region size 32768K, 32 young (1048576K), 6 survivors (196608K)
 Metaspace       used 101117K, capacity 112035K, committed 112204K, reserved 1144832K
  class space    used 13569K, capacity 16103K, committed 16204K, reserved 1048576K

Heap Regions: (Y=young(eden), SU=young(survivor), HS=humongous(starts), HC=humongous(continues), CS=collection set, F=free, TS=gc time stamp, PTAMS=previous top-at-mark-start, NTAMS=next top-at-mark-start)
AC   0  O    TS     0 PTAMS 0x0000000642000000 NTAMS 0x0000000642000000 space 32768K, 100% used [0x0000000640000000, 0x0000000642000000)
AC   0  O    TS     5 PTAMS 0x0000000642000000 NTAMS 0x0000000642000000 space 32768K, 100% used [0x0000000642000000, 0x0000000644000000)
AC   0  O    TS     0 PTAMS 0x0000000646000000 NTAMS 0x0000000646000000 space 32768K, 100% used [0x0000000644000000, 0x0000000646000000)
AC   0  O    TS     0 PTAMS 0x0000000648000000 NTAMS 0x0000000648000000 space 32768K, 100% used [0x0000000646000000, 0x0000000648000000)
AC   0  O    TS     7 PTAMS 0x0000000648000000 NTAMS 0x0000000648000000 space 32768K, 100% used [0x0000000648000000, 0x000000064a000000)
AC   0  O    TS     0 PTAMS 0x000000064c000000 NTAMS 0x000000064c000000 space 32768K, 100% used [0x000000064a000000, 0x000000064c000000)
AC   0  O    TS     0 PTAMS 0x000000064e000000 NTAMS 0x000000064e000000 space 32768K, 100% used [0x000000064c000000, 0x000000064e000000)
AC   0  O    TS     9 PTAMS 0x000000064e000000 NTAMS 0x000000064e000000 space 32768K, 100% used [0x000000064e000000, 0x0000000650000000)
AC   0  O    TS    15 PTAMS 0x0000000650000000 NTAMS 0x0000000650000000 space 32768K,  14% used [0x0000000650000000, 0x0000000652000000)
AC   0  O    TS     0 PTAMS 0x0000000654000000 NTAMS 0x0000000654000000 space 32768K, 100% used [0x0000000652000000, 0x0000000654000000)
AC   0  O    TS     0 PTAMS 0x0000000656000000 NTAMS 0x0000000656000000 space 32768K, 100% used [0x0000000654000000, 0x0000000656000000)
AC   0  O    TS     0 PTAMS 0x0000000658000000 NTAMS 0x0000000658000000 space 32768K, 100% used [0x0000000656000000, 0x0000000658000000)
AC   0  F    TS     0 PTAMS 0x0000000658000000 NTAMS 0x0000000658000000 space 32768K,   0% used [0x0000000658000000, 0x000000065a000000)
AC   0  F    TS     0 PTAMS 0x000000065a000000 NTAMS 0x000000065a000000 space 32768K,   0% used [0x000000065a000000, 0x000000065c000000)
AC   0  O    TS     0 PTAMS 0x000000065e000000 NTAMS 0x000000065e000000 space 32768K, 100% used [0x000000065c000000, 0x000000065e000000)
AC   0  F    TS     0 PTAMS 0x000000065e000000 NTAMS 0x000000065e000000 space 32768K,   0% used [0x000000065e000000, 0x0000000660000000)
AC   0  F    TS     0 PTAMS 0x0000000660000000 NTAMS 0x0000000660000000 space 32768K,   0% used [0x0000000660000000, 0x0000000662000000)
AC   0  O    TS     0 PTAMS 0x0000000664000000 NTAMS 0x0000000664000000 space 32768K, 100% used [0x0000000662000000, 0x0000000664000000)
AC   0  O    TS     5 PTAMS 0x0000000664000000 NTAMS 0x0000000664000000 space 32768K, 100% used [0x0000000664000000, 0x0000000666000000)
AC   0  O    TS     0 PTAMS 0x0000000668000000 NTAMS 0x0000000668000000 space 32768K, 100% used [0x0000000666000000, 0x0000000668000000)
AC   0  F    TS     0 PTAMS 0x0000000668000000 NTAMS 0x0000000668000000 space 32768K,   0% used [0x0000000668000000, 0x000000066a000000)
AC   0  O    TS     0 PTAMS 0x000000066c000000 NTAMS 0x000000066c000000 space 32768K, 100% used [0x000000066a000000, 0x000000066c000000)
AC   0  O    TS     0 PTAMS 0x000000066e000000 NTAMS 0x000000066e000000 space 32768K, 100% used [0x000000066c000000, 0x000000066e000000)
AC   0  F    TS     0 PTAMS 0x000000066e000000 NTAMS 0x000000066e000000 space 32768K,   0% used [0x000000066e000000, 0x0000000670000000)
AC   0  O    TS     0 PTAMS 0x0000000672000000 NTAMS 0x0000000672000000 space 32768K, 100% used [0x0000000670000000, 0x0000000672000000)
AC   0  O    TS     0 PTAMS 0x0000000674000000 NTAMS 0x0000000674000000 space 32768K, 100% used [0x0000000672000000, 0x0000000674000000)
AC   0  O    TS     0 PTAMS 0x0000000676000000 NTAMS 0x0000000676000000 space 32768K, 100% used [0x0000000674000000, 0x0000000676000000)
AC   0  O    TS     0 PTAMS 0x0000000678000000 NTAMS 0x0000000678000000 space 32768K, 100% used [0x0000000676000000, 0x0000000678000000)
AC   0  O    TS     0 PTAMS 0x000000067a000000 NTAMS 0x000000067a000000 space 32768K, 100% used [0x0000000678000000, 0x000000067a000000)
AC   0  O    TS     1 PTAMS 0x000000067a000000 NTAMS 0x000000067a000000 space 32768K, 100% used [0x000000067a000000, 0x000000067c000000)
AC   0  O    TS     3 PTAMS 0x000000067c000000 NTAMS 0x000000067c000000 space 32768K, 100% used [0x000000067c000000, 0x000000067e000000)
AC   0  O    TS     5 PTAMS 0x000000067e000000 NTAMS 0x000000067e000000 space 32768K, 100% used [0x000000067e000000, 0x0000000680000000)
AC   0  O    TS     7 PTAMS 0x0000000680000000 NTAMS 0x0000000680000000 space 32768K, 100% used [0x0000000680000000, 0x0000000682000000)
AC   0  F    TS     0 PTAMS 0x0000000682000000 NTAMS 0x0000000682000000 space 32768K,   0% used [0x0000000682000000, 0x0000000684000000)
AC   0  O    TS     0 PTAMS 0x0000000686000000 NTAMS 0x0000000686000000 space 32768K, 100% used [0x0000000684000000, 0x0000000686000000)
AC   0  F    TS     0 PTAMS 0x0000000686000000 NTAMS 0x0000000686000000 space 32768K,   0% used [0x0000000686000000, 0x0000000688000000)
AC   0  O    TS     0 PTAMS 0x000000068a000000 NTAMS 0x000000068a000000 space 32768K, 100% used [0x0000000688000000, 0x000000068a000000)
AC   0  F    TS     0 PTAMS 0x000000068a000000 NTAMS 0x000000068a000000 space 32768K,   0% used [0x000000068a000000, 0x000000068c000000)
AC   0  O    TS     0 PTAMS 0x000000068e000000 NTAMS 0x000000068e000000 space 32768K, 100% used [0x000000068c000000, 0x000000068e000000)
AC   0  F    TS     0 PTAMS 0x000000068e000000 NTAMS 0x000000068e000000 space 32768K,   0% used [0x000000068e000000, 0x0000000690000000)
AC   0  F    TS     0 PTAMS 0x0000000690000000 NTAMS 0x0000000690000000 space 32768K,   0% used [0x0000000690000000, 0x0000000692000000)
AC   0  F    TS     0 PTAMS 0x0000000692000000 NTAMS 0x0000000692000000 space 32768K,   0% used [0x0000000692000000, 0x0000000694000000)
AC   0  F    TS     0 PTAMS 0x0000000694000000 NTAMS 0x0000000694000000 space 32768K,   0% used [0x0000000694000000, 0x0000000696000000)
AC   0  F    TS     0 PTAMS 0x0000000696000000 NTAMS 0x0000000696000000 space 32768K,   0% used [0x0000000696000000, 0x0000000698000000)
AC   0  F    TS     0 PTAMS 0x0000000698000000 NTAMS 0x0000000698000000 space 32768K,   0% used [0x0000000698000000, 0x000000069a000000)
AC   0  F    TS     0 PTAMS 0x000000069a000000 NTAMS 0x000000069a000000 space 32768K,   0% used [0x000000069a000000, 0x000000069c000000)
AC   0  F    TS     0 PTAMS 0x000000069c000000 NTAMS 0x000000069c000000 space 32768K,   0% used [0x000000069c000000, 0x000000069e000000)
AC   0  F    TS     0 PTAMS 0x000000069e000000 NTAMS 0x000000069e000000 space 32768K,   0% used [0x000000069e000000, 0x00000006a0000000)
AC   0  F    TS     0 PTAMS 0x00000006a0000000 NTAMS 0x00000006a0000000 space 32768K,   0% used [0x00000006a0000000, 0x00000006a2000000)
AC   0  F    TS     0 PTAMS 0x00000006a2000000 NTAMS 0x00000006a2000000 space 32768K,   0% used [0x00000006a2000000, 0x00000006a4000000)
AC   0  F    TS     0 PTAMS 0x00000006a4000000 NTAMS 0x00000006a4000000 space 32768K,   0% used [0x00000006a4000000, 0x00000006a6000000)
AC   0  F    TS     0 PTAMS 0x00000006a6000000 NTAMS 0x00000006a6000000 space 32768K,   0% used [0x00000006a6000000, 0x00000006a8000000)
AC   0  F    TS     0 PTAMS 0x00000006a8000000 NTAMS 0x00000006a8000000 space 32768K,   0% used [0x00000006a8000000, 0x00000006aa000000)
AC   0  F    TS     0 PTAMS 0x00000006aa000000 NTAMS 0x00000006aa000000 space 32768K,   0% used [0x00000006aa000000, 0x00000006ac000000)
AC   0  F    TS     0 PTAMS 0x00000006ac000000 NTAMS 0x00000006ac000000 space 32768K,   0% used [0x00000006ac000000, 0x00000006ae000000)
AC   0  F    TS     0 PTAMS 0x00000006ae000000 NTAMS 0x00000006ae000000 space 32768K,   0% used [0x00000006ae000000, 0x00000006b0000000)
AC   0  F    TS     0 PTAMS 0x00000006b0000000 NTAMS 0x00000006b0000000 space 32768K,   0% used [0x00000006b0000000, 0x00000006b2000000)
AC   0  F    TS     0 PTAMS 0x00000006b2000000 NTAMS 0x00000006b2000000 space 32768K,   0% used [0x00000006b2000000, 0x00000006b4000000)
AC   0  F    TS     0 PTAMS 0x00000006b4000000 NTAMS 0x00000006b4000000 space 32768K,   0% used [0x00000006b4000000, 0x00000006b6000000)
AC   0  F    TS     0 PTAMS 0x00000006b6000000 NTAMS 0x00000006b6000000 space 32768K,   0% used [0x00000006b6000000, 0x00000006b8000000)
AC   0  F    TS     0 PTAMS 0x00000006b8000000 NTAMS 0x00000006b8000000 space 32768K,   0% used [0x00000006b8000000, 0x00000006ba000000)
AC   0  F    TS     0 PTAMS 0x00000006ba000000 NTAMS 0x00000006ba000000 space 32768K,   0% used [0x00000006ba000000, 0x00000006bc000000)
AC   0  F    TS     0 PTAMS 0x00000006bc000000 NTAMS 0x00000006bc000000 space 32768K,   0% used [0x00000006bc000000, 0x00000006be000000)
AC   0  F    TS     0 PTAMS 0x00000006be000000 NTAMS 0x00000006be000000 space 32768K,   0% used [0x00000006be000000, 0x00000006c0000000)
AC   0  F    TS     0 PTAMS 0x00000006c0000000 NTAMS 0x00000006c0000000 space 32768K,   0% used [0x00000006c0000000, 0x00000006c2000000)
AC   0  F    TS     0 PTAMS 0x00000006c2000000 NTAMS 0x00000006c2000000 space 32768K,   0% used [0x00000006c2000000, 0x00000006c4000000)
AC   0  F    TS     0 PTAMS 0x00000006c4000000 NTAMS 0x00000006c4000000 space 32768K,   0% used [0x00000006c4000000, 0x00000006c6000000)
AC   0  F    TS     0 PTAMS 0x00000006c6000000 NTAMS 0x00000006c6000000 space 32768K,   0% used [0x00000006c6000000, 0x00000006c8000000)
AC   0  F    TS     0 PTAMS 0x00000006c8000000 NTAMS 0x00000006c8000000 space 32768K,   0% used [0x00000006c8000000, 0x00000006ca000000)
AC   0  F    TS     0 PTAMS 0x00000006ca000000 NTAMS 0x00000006ca000000 space 32768K,   0% used [0x00000006ca000000, 0x00000006cc000000)
AC   0  F    TS     0 PTAMS 0x00000006cc000000 NTAMS 0x00000006cc000000 space 32768K,   0% used [0x00000006cc000000, 0x00000006ce000000)
AC   0  S CS TS    15 PTAMS 0x00000006ce000000 NTAMS 0x00000006ce000000 space 32768K,  86% used [0x00000006ce000000, 0x00000006d0000000)
AC   0  S CS TS    15 PTAMS 0x00000006d0000000 NTAMS 0x00000006d0000000 space 32768K, 100% used [0x00000006d0000000, 0x00000006d2000000)
AC   0  S CS TS    15 PTAMS 0x00000006d2000000 NTAMS 0x00000006d2000000 space 32768K, 100% used [0x00000006d2000000, 0x00000006d4000000)
AC   0  S CS TS    15 PTAMS 0x00000006d4000000 NTAMS 0x00000006d4000000 space 32768K, 100% used [0x00000006d4000000, 0x00000006d6000000)
AC   0  S CS TS    15 PTAMS 0x00000006d6000000 NTAMS 0x00000006d6000000 space 32768K, 100% used [0x00000006d6000000, 0x00000006d8000000)
AC   0  S CS TS    15 PTAMS 0x00000006d8000000 NTAMS 0x00000006d8000000 space 32768K, 100% used [0x00000006d8000000, 0x00000006da000000)
AC   0  F    TS     0 PTAMS 0x00000006da000000 NTAMS 0x00000006da000000 space 32768K,   0% used [0x00000006da000000, 0x00000006dc000000)
AC   0  F    TS     0 PTAMS 0x00000006dc000000 NTAMS 0x00000006dc000000 space 32768K,   0% used [0x00000006dc000000, 0x00000006de000000)
AC   0  F    TS     0 PTAMS 0x00000006de000000 NTAMS 0x00000006de000000 space 32768K,   0% used [0x00000006de000000, 0x00000006e0000000)
AC   0  F    TS     0 PTAMS 0x00000006e0000000 NTAMS 0x00000006e0000000 space 32768K,   0% used [0x00000006e0000000, 0x00000006e2000000)
AC   0  F    TS     0 PTAMS 0x00000006e2000000 NTAMS 0x00000006e2000000 space 32768K,   0% used [0x00000006e2000000, 0x00000006e4000000)
AC   0  F    TS     0 PTAMS 0x00000006e4000000 NTAMS 0x00000006e4000000 space 32768K,   0% used [0x00000006e4000000, 0x00000006e6000000)
AC   0  F    TS     0 PTAMS 0x00000006e6000000 NTAMS 0x00000006e6000000 space 32768K,   0% used [0x00000006e6000000, 0x00000006e8000000)
AC   0  F    TS     0 PTAMS 0x00000006e8000000 NTAMS 0x00000006e8000000 space 32768K,   0% used [0x00000006e8000000, 0x00000006ea000000)
AC   0  F    TS     0 PTAMS 0x00000006ea000000 NTAMS 0x00000006ea000000 space 32768K,   0% used [0x00000006ea000000, 0x00000006ec000000)
AC   0  F    TS     0 PTAMS 0x00000006ec000000 NTAMS 0x00000006ec000000 space 32768K,   0% used [0x00000006ec000000, 0x00000006ee000000)
AC   0  F    TS     0 PTAMS 0x00000006ee000000 NTAMS 0x00000006ee000000 space 32768K,   0% used [0x00000006ee000000, 0x00000006f0000000)
AC   0  F    TS     0 PTAMS 0x00000006f0000000 NTAMS 0x00000006f0000000 space 32768K,   0% used [0x00000006f0000000, 0x00000006f2000000)
AC   0  F    TS     0 PTAMS 0x00000006f2000000 NTAMS 0x00000006f2000000 space 32768K,   0% used [0x00000006f2000000, 0x00000006f4000000)
AC   0  F    TS     0 PTAMS 0x00000006f4000000 NTAMS 0x00000006f4000000 space 32768K,   0% used [0x00000006f4000000, 0x00000006f6000000)
AC   0  F    TS     0 PTAMS 0x00000006f6000000 NTAMS 0x00000006f6000000 space 32768K,   0% used [0x00000006f6000000, 0x00000006f8000000)
AC   0  F    TS     0 PTAMS 0x00000006f8000000 NTAMS 0x00000006f8000000 space 32768K,   0% used [0x00000006f8000000, 0x00000006fa000000)
AC   0  F    TS     0 PTAMS 0x00000006fa000000 NTAMS 0x00000006fa000000 space 32768K,   0% used [0x00000006fa000000, 0x00000006fc000000)
AC   0  F    TS    13 PTAMS 0x00000006fc000000 NTAMS 0x00000006fc000000 space 32768K,   0% used [0x00000006fc000000, 0x00000006fe000000)
AC   0  F    TS    13 PTAMS 0x00000006fe000000 NTAMS 0x00000006fe000000 space 32768K,   0% used [0x00000006fe000000, 0x0000000700000000)
AC   0  F    TS    13 PTAMS 0x0000000700000000 NTAMS 0x0000000700000000 space 32768K,   0% used [0x0000000700000000, 0x0000000702000000)
AC   0  F    TS    13 PTAMS 0x0000000702000000 NTAMS 0x0000000702000000 space 32768K,   0% used [0x0000000702000000, 0x0000000704000000)
AC   0  F    TS    13 PTAMS 0x0000000704000000 NTAMS 0x0000000704000000 space 32768K,   0% used [0x0000000704000000, 0x0000000706000000)
AC   0  F    TS     0 PTAMS 0x0000000706000000 NTAMS 0x0000000706000000 space 32768K,   0% used [0x0000000706000000, 0x0000000708000000)
AC   0  F    TS     0 PTAMS 0x0000000708000000 NTAMS 0x0000000708000000 space 32768K,   0% used [0x0000000708000000, 0x000000070a000000)
AC   0  F    TS     0 PTAMS 0x000000070a000000 NTAMS 0x000000070a000000 space 32768K,   0% used [0x000000070a000000, 0x000000070c000000)
AC   0  F    TS     0 PTAMS 0x000000070c000000 NTAMS 0x000000070c000000 space 32768K,   0% used [0x000000070c000000, 0x000000070e000000)
AC   0  F    TS     0 PTAMS 0x000000070e000000 NTAMS 0x000000070e000000 space 32768K,   0% used [0x000000070e000000, 0x0000000710000000)
AC   0  F    TS     0 PTAMS 0x0000000710000000 NTAMS 0x0000000710000000 space 32768K,   0% used [0x0000000710000000, 0x0000000712000000)
AC   0  F    TS     0 PTAMS 0x0000000712000000 NTAMS 0x0000000712000000 space 32768K,   0% used [0x0000000712000000, 0x0000000714000000)
AC   0  F    TS     0 PTAMS 0x0000000714000000 NTAMS 0x0000000714000000 space 32768K,   0% used [0x0000000714000000, 0x0000000716000000)
AC   0  F    TS     0 PTAMS 0x0000000716000000 NTAMS 0x0000000716000000 space 32768K,   0% used [0x0000000716000000, 0x0000000718000000)
AC   0  F    TS     0 PTAMS 0x0000000718000000 NTAMS 0x0000000718000000 space 32768K,   0% used [0x0000000718000000, 0x000000071a000000)
AC   0  F    TS     0 PTAMS 0x000000071a000000 NTAMS 0x000000071a000000 space 32768K,   0% used [0x000000071a000000, 0x000000071c000000)
AC   0  F    TS     0 PTAMS 0x000000071c000000 NTAMS 0x000000071c000000 space 32768K,   0% used [0x000000071c000000, 0x000000071e000000)
AC   0  F    TS     0 PTAMS 0x000000071e000000 NTAMS 0x000000071e000000 space 32768K,   0% used [0x000000071e000000, 0x0000000720000000)
AC   0  F    TS     0 PTAMS 0x0000000720000000 NTAMS 0x0000000720000000 space 32768K,   0% used [0x0000000720000000, 0x0000000722000000)
AC   0  F    TS     0 PTAMS 0x0000000722000000 NTAMS 0x0000000722000000 space 32768K,   0% used [0x0000000722000000, 0x0000000724000000)
AC   0  F    TS     0 PTAMS 0x0000000724000000 NTAMS 0x0000000724000000 space 32768K,   0% used [0x0000000724000000, 0x0000000726000000)
AC   0  F    TS     0 PTAMS 0x0000000726000000 NTAMS 0x0000000726000000 space 32768K,   0% used [0x0000000726000000, 0x0000000728000000)
AC   0  F    TS     0 PTAMS 0x0000000728000000 NTAMS 0x0000000728000000 space 32768K,   0% used [0x0000000728000000, 0x000000072a000000)
AC   0  F    TS     0 PTAMS 0x000000072a000000 NTAMS 0x000000072a000000 space 32768K,   0% used [0x000000072a000000, 0x000000072c000000)
AC   0  F    TS     0 PTAMS 0x000000072c000000 NTAMS 0x000000072c000000 space 32768K,   0% used [0x000000072c000000, 0x000000072e000000)
AC   0  F    TS     0 PTAMS 0x000000072e000000 NTAMS 0x000000072e000000 space 32768K,   0% used [0x000000072e000000, 0x0000000730000000)
AC   0  F    TS     0 PTAMS 0x0000000730000000 NTAMS 0x0000000730000000 space 32768K,   0% used [0x0000000730000000, 0x0000000732000000)
AC   0  F    TS     0 PTAMS 0x0000000732000000 NTAMS 0x0000000732000000 space 32768K,   0% used [0x0000000732000000, 0x0000000734000000)
AC   0  F    TS     0 PTAMS 0x0000000734000000 NTAMS 0x0000000734000000 space 32768K,   0% used [0x0000000734000000, 0x0000000736000000)
AC   0  F    TS     0 PTAMS 0x0000000736000000 NTAMS 0x0000000736000000 space 32768K,   0% used [0x0000000736000000, 0x0000000738000000)
AC   0  F    TS     0 PTAMS 0x0000000738000000 NTAMS 0x0000000738000000 space 32768K,   0% used [0x0000000738000000, 0x000000073a000000)
AC   0  F    TS     0 PTAMS 0x000000073a000000 NTAMS 0x000000073a000000 space 32768K,   0% used [0x000000073a000000, 0x000000073c000000)
AC   0  F    TS     0 PTAMS 0x000000073c000000 NTAMS 0x000000073c000000 space 32768K,   0% used [0x000000073c000000, 0x000000073e000000)
AC   0  F    TS     0 PTAMS 0x000000073e000000 NTAMS 0x000000073e000000 space 32768K,   0% used [0x000000073e000000, 0x0000000740000000)
AC   0  F    TS     0 PTAMS 0x0000000740000000 NTAMS 0x0000000740000000 space 32768K,   0% used [0x0000000740000000, 0x0000000742000000)
AC   0  F    TS     0 PTAMS 0x0000000742000000 NTAMS 0x0000000742000000 space 32768K,   0% used [0x0000000742000000, 0x0000000744000000)
AC   0  F    TS     0 PTAMS 0x0000000744000000 NTAMS 0x0000000744000000 space 32768K,   0% used [0x0000000744000000, 0x0000000746000000)
AC   0  F    TS     0 PTAMS 0x0000000746000000 NTAMS 0x0000000746000000 space 32768K,   0% used [0x0000000746000000, 0x0000000748000000)
AC   0  F    TS     0 PTAMS 0x0000000748000000 NTAMS 0x0000000748000000 space 32768K,   0% used [0x0000000748000000, 0x000000074a000000)
AC   0  F    TS     0 PTAMS 0x000000074a000000 NTAMS 0x000000074a000000 space 32768K,   0% used [0x000000074a000000, 0x000000074c000000)
AC   0  F    TS     0 PTAMS 0x000000074c000000 NTAMS 0x000000074c000000 space 32768K,   0% used [0x000000074c000000, 0x000000074e000000)
AC   0  F    TS     0 PTAMS 0x000000074e000000 NTAMS 0x000000074e000000 space 32768K,   0% used [0x000000074e000000, 0x0000000750000000)
AC   0  F    TS     0 PTAMS 0x0000000750000000 NTAMS 0x0000000750000000 space 32768K,   0% used [0x0000000750000000, 0x0000000752000000)
AC   0  F    TS     0 PTAMS 0x0000000752000000 NTAMS 0x0000000752000000 space 32768K,   0% used [0x0000000752000000, 0x0000000754000000)
AC   0  F    TS     0 PTAMS 0x0000000754000000 NTAMS 0x0000000754000000 space 32768K,   0% used [0x0000000754000000, 0x0000000756000000)
AC   0  F    TS     0 PTAMS 0x0000000756000000 NTAMS 0x0000000756000000 space 32768K,   0% used [0x0000000756000000, 0x0000000758000000)
AC   0  F    TS     0 PTAMS 0x0000000758000000 NTAMS 0x0000000758000000 space 32768K,   0% used [0x0000000758000000, 0x000000075a000000)
AC   0  F    TS     0 PTAMS 0x000000075a000000 NTAMS 0x000000075a000000 space 32768K,   0% used [0x000000075a000000, 0x000000075c000000)
AC   0  F    TS     0 PTAMS 0x000000075c000000 NTAMS 0x000000075c000000 space 32768K,   0% used [0x000000075c000000, 0x000000075e000000)
AC   0  F    TS     0 PTAMS 0x000000075e000000 NTAMS 0x000000075e000000 space 32768K,   0% used [0x000000075e000000, 0x0000000760000000)
AC   0  F    TS     0 PTAMS 0x0000000760000000 NTAMS 0x0000000760000000 space 32768K,   0% used [0x0000000760000000, 0x0000000762000000)
AC   0  F    TS     0 PTAMS 0x0000000762000000 NTAMS 0x0000000762000000 space 32768K,   0% used [0x0000000762000000, 0x0000000764000000)
AC   0  F    TS     0 PTAMS 0x0000000764000000 NTAMS 0x0000000764000000 space 32768K,   0% used [0x0000000764000000, 0x0000000766000000)
AC   0  F    TS     0 PTAMS 0x0000000766000000 NTAMS 0x0000000766000000 space 32768K,   0% used [0x0000000766000000, 0x0000000768000000)
AC   0  F    TS     0 PTAMS 0x0000000768000000 NTAMS 0x0000000768000000 space 32768K,   0% used [0x0000000768000000, 0x000000076a000000)
AC   0  F    TS     0 PTAMS 0x000000076a000000 NTAMS 0x000000076a000000 space 32768K,   0% used [0x000000076a000000, 0x000000076c000000)
AC   0  F    TS     9 PTAMS 0x000000076c000000 NTAMS 0x000000076c000000 space 32768K,   0% used [0x000000076c000000, 0x000000076e000000)
AC   0  F    TS    11 PTAMS 0x000000076e000000 NTAMS 0x000000076e000000 space 32768K,   0% used [0x000000076e000000, 0x0000000770000000)
AC   0  F    TS    11 PTAMS 0x0000000770000000 NTAMS 0x0000000770000000 space 32768K,   0% used [0x0000000770000000, 0x0000000772000000)
AC   0  F    TS    11 PTAMS 0x0000000772000000 NTAMS 0x0000000772000000 space 32768K,   0% used [0x0000000772000000, 0x0000000774000000)
AC   0  F    TS     9 PTAMS 0x0000000774000000 NTAMS 0x0000000774000000 space 32768K,   0% used [0x0000000774000000, 0x0000000776000000)
AC   0  F    TS     9 PTAMS 0x0000000776000000 NTAMS 0x0000000776000000 space 32768K,   0% used [0x0000000776000000, 0x0000000778000000)
AC   0  F    TS     9 PTAMS 0x0000000778000000 NTAMS 0x0000000778000000 space 32768K,   0% used [0x0000000778000000, 0x000000077a000000)
AC   0  F    TS    11 PTAMS 0x000000077a000000 NTAMS 0x000000077a000000 space 32768K,   0% used [0x000000077a000000, 0x000000077c000000)
AC   0  F    TS     1 PTAMS 0x000000077c000000 NTAMS 0x000000077c000000 space 32768K,   0% used [0x000000077c000000, 0x000000077e000000)
AC   0  F    TS     0 PTAMS 0x000000077e000000 NTAMS 0x000000077e000000 space 32768K,   0% used [0x000000077e000000, 0x0000000780000000)
AC   0  F    TS     0 PTAMS 0x0000000780000000 NTAMS 0x0000000780000000 space 32768K,   0% used [0x0000000780000000, 0x0000000782000000)
AC   0  F    TS     0 PTAMS 0x0000000782000000 NTAMS 0x0000000782000000 space 32768K,   0% used [0x0000000782000000, 0x0000000784000000)
AC   0  F    TS     0 PTAMS 0x0000000784000000 NTAMS 0x0000000784000000 space 32768K,   0% used [0x0000000784000000, 0x0000000786000000)
AC   0  F    TS     0 PTAMS 0x0000000786000000 NTAMS 0x0000000786000000 space 32768K,   0% used [0x0000000786000000, 0x0000000788000000)
AC   0  F    TS     0 PTAMS 0x0000000788000000 NTAMS 0x0000000788000000 space 32768K,   0% used [0x0000000788000000, 0x000000078a000000)
AC   0  F    TS     0 PTAMS 0x000000078a000000 NTAMS 0x000000078a000000 space 32768K,   0% used [0x000000078a000000, 0x000000078c000000)
AC   0  E    TS     0 PTAMS 0x000000078c000000 NTAMS 0x000000078c000000 space 32768K, 100% used [0x000000078c000000, 0x000000078e000000)
AC   0  E CS TS     0 PTAMS 0x000000078e000000 NTAMS 0x000000078e000000 space 32768K, 100% used [0x000000078e000000, 0x0000000790000000)
AC   0  E CS TS     0 PTAMS 0x0000000790000000 NTAMS 0x0000000790000000 space 32768K, 100% used [0x0000000790000000, 0x0000000792000000)
AC   0  E CS TS     0 PTAMS 0x0000000792000000 NTAMS 0x0000000792000000 space 32768K, 100% used [0x0000000792000000, 0x0000000794000000)
AC   0  E CS TS     0 PTAMS 0x0000000794000000 NTAMS 0x0000000794000000 space 32768K, 100% used [0x0000000794000000, 0x0000000796000000)
AC   0  E CS TS     0 PTAMS 0x0000000796000000 NTAMS 0x0000000796000000 space 32768K, 100% used [0x0000000796000000, 0x0000000798000000)
AC   0  E CS TS     0 PTAMS 0x0000000798000000 NTAMS 0x0000000798000000 space 32768K, 100% used [0x0000000798000000, 0x000000079a000000)
AC   0  E CS TS     0 PTAMS 0x000000079a000000 NTAMS 0x000000079a000000 space 32768K, 100% used [0x000000079a000000, 0x000000079c000000)
AC   0  E CS TS     0 PTAMS 0x000000079c000000 NTAMS 0x000000079c000000 space 32768K, 100% used [0x000000079c000000, 0x000000079e000000)
AC   0  E CS TS     0 PTAMS 0x000000079e000000 NTAMS 0x000000079e000000 space 32768K, 100% used [0x000000079e000000, 0x00000007a0000000)
AC   0  E CS TS     0 PTAMS 0x00000007a0000000 NTAMS 0x00000007a0000000 space 32768K, 100% used [0x00000007a0000000, 0x00000007a2000000)
AC   0  E CS TS     0 PTAMS 0x00000007a2000000 NTAMS 0x00000007a2000000 space 32768K, 100% used [0x00000007a2000000, 0x00000007a4000000)
AC   0  E CS TS     0 PTAMS 0x00000007a4000000 NTAMS 0x00000007a4000000 space 32768K, 100% used [0x00000007a4000000, 0x00000007a6000000)
AC   0  E CS TS     0 PTAMS 0x00000007a6000000 NTAMS 0x00000007a6000000 space 32768K, 100% used [0x00000007a6000000, 0x00000007a8000000)
AC   0  E CS TS     0 PTAMS 0x00000007a8000000 NTAMS 0x00000007a8000000 space 32768K, 100% used [0x00000007a8000000, 0x00000007aa000000)
AC   0  E CS TS     0 PTAMS 0x00000007aa000000 NTAMS 0x00000007aa000000 space 32768K, 100% used [0x00000007aa000000, 0x00000007ac000000)
AC   0  E CS TS     0 PTAMS 0x00000007ac000000 NTAMS 0x00000007ac000000 space 32768K, 100% used [0x00000007ac000000, 0x00000007ae000000)
AC   0  E CS TS     0 PTAMS 0x00000007ae000000 NTAMS 0x00000007ae000000 space 32768K, 100% used [0x00000007ae000000, 0x00000007b0000000)
AC   0  E CS TS     0 PTAMS 0x00000007b0000000 NTAMS 0x00000007b0000000 space 32768K, 100% used [0x00000007b0000000, 0x00000007b2000000)
AC   0  E CS TS     0 PTAMS 0x00000007b2000000 NTAMS 0x00000007b2000000 space 32768K, 100% used [0x00000007b2000000, 0x00000007b4000000)
AC   0  E CS TS     0 PTAMS 0x00000007b4000000 NTAMS 0x00000007b4000000 space 32768K, 100% used [0x00000007b4000000, 0x00000007b6000000)
AC   0  E CS TS     0 PTAMS 0x00000007b6000000 NTAMS 0x00000007b6000000 space 32768K, 100% used [0x00000007b6000000, 0x00000007b8000000)
AC   0  E CS TS     0 PTAMS 0x00000007b8000000 NTAMS 0x00000007b8000000 space 32768K, 100% used [0x00000007b8000000, 0x00000007ba000000)
AC   0  E CS TS     0 PTAMS 0x00000007ba000000 NTAMS 0x00000007ba000000 space 32768K, 100% used [0x00000007ba000000, 0x00000007bc000000)
AC   0  E CS TS     0 PTAMS 0x00000007bc000000 NTAMS 0x00000007bc000000 space 32768K, 100% used [0x00000007bc000000, 0x00000007be000000)
AC   0  E CS TS     0 PTAMS 0x00000007be000000 NTAMS 0x00000007be000000 space 32768K, 100% used [0x00000007be000000, 0x00000007c0000000)

Card table byte_map: [0x00000000144b0000,0x00000000150b0000] byte_map_base: 0x00000000112b0000

Marking Bits (Prev, Next): (CMBitMap*) 0x00000000024c00d8, (CMBitMap*) 0x00000000024c0130
 Prev Bits: [0x0000000015cb0000, 0x000000001bcb0000)
 Next Bits: [0x000000001bcb0000, 0x0000000021cb0000)

Polling page: 0x0000000000860000

CodeCache: size=245760Kb used=71495Kb max_used=73553Kb free=174264Kb
 bounds [0x0000000002540000, 0x0000000006db0000, 0x0000000011540000]
 total_blobs=21088 nmethods=19232 adapters=1762
 compilation: enabled

Compilation events (10 events):
Event: 78.212 Thread 0x0000000026657800 29207       3       net.minecraft.entity.Entity::func_195050_f (26 bytes)
Event: 78.212 Thread 0x0000000026657800 nmethod 29207 0x0000000002a506d0 code [0x0000000002a50860, 0x0000000002a50ab0]
Event: 78.213 Thread 0x0000000026657800 29208       3       net.minecraft.entity.monster.EndermanEntity$StareGoal::func_75250_a (50 bytes)
Event: 78.214 Thread 0x0000000026657800 nmethod 29208 0x0000000005d597d0 code [0x0000000005d599c0, 0x0000000005d5a2d8]
Event: 78.215 Thread 0x0000000026657800 29209       3       net.minecraft.entity.monster.EndermanEntity$PlaceBlockGoal::func_75250_a (53 bytes)
Event: 78.215 Thread 0x0000000026657800 nmethod 29209 0x0000000004ef5cd0 code [0x0000000004ef5ea0, 0x0000000004ef6728]
Event: 78.216 Thread 0x0000000026657800 29210       3       net.minecraft.entity.monster.EndermanEntity::func_70619_bc (112 bytes)
Event: 78.217 Thread 0x0000000026657800 nmethod 29210 0x0000000004ef9e90 code [0x0000000004efa1e0, 0x0000000004efba98]
Event: 78.261 Thread 0x0000000026657800 29211       3       net.minecraft.entity.monster.EndermanEntity$FindPlayerGoal::func_75250_a (35 bytes)
Event: 78.261 Thread 0x0000000026657800 nmethod 29211 0x000000000541c910 code [0x000000000541ca80, 0x000000000541cd88]

GC Heap History (10 events):
Event: 48.680 GC heap before
{Heap before GC invocations=57 (full 0):
 garbage-first heap   total 6291456K, used 2279745K [0x0000000640000000, 0x0000000642000600, 0x00000007c0000000)
  region size 32768K, 38 young (1245184K), 4 survivors (131072K)
 Metaspace       used 99853K, capacity 110663K, committed 110796K, reserved 1144832K
  class space    used 13521K, capacity 16039K, committed 16076K, reserved 1048576K
Event: 48.710 GC heap after
Heap after GC invocations=58 (full 0):
 garbage-first heap   total 6291456K, used 1076982K [0x0000000640000000, 0x0000000642000600, 0x00000007c0000000)
  region size 32768K, 3 young (98304K), 3 survivors (98304K)
 Metaspace       used 99853K, capacity 110663K, committed 110796K, reserved 1144832K
  class space    used 13521K, capacity 16039K, committed 16076K, reserved 1048576K
}
Event: 51.082 GC heap before
{Heap before GC invocations=58 (full 0):
 garbage-first heap   total 6291456K, used 2223862K [0x0000000640000000, 0x0000000642000600, 0x00000007c0000000)
  region size 32768K, 38 young (1245184K), 3 survivors (98304K)
 Metaspace       used 100124K, capacity 110949K, committed 111052K, reserved 1144832K
  class space    used 13523K, capacity 16042K, committed 16076K, reserved 1048576K
Event: 51.110 GC heap after
Heap after GC invocations=59 (full 0):
 garbage-first heap   total 6291456K, used 1068151K [0x0000000640000000, 0x0000000642000600, 0x00000007c0000000)
  region size 32768K, 4 young (131072K), 4 survivors (131072K)
 Metaspace       used 100124K, capacity 110949K, committed 111052K, reserved 1144832K
  class space    used 13523K, capacity 16042K, committed 16076K, reserved 1048576K
}
Event: 53.817 GC heap before
{Heap before GC invocations=59 (full 0):
 garbage-first heap   total 6291456K, used 2182263K [0x0000000640000000, 0x0000000642000600, 0x00000007c0000000)
  region size 32768K, 38 young (1245184K), 4 survivors (131072K)
 Metaspace       used 100284K, capacity 111085K, committed 111308K, reserved 1144832K
  class space    used 13523K, capacity 16042K, committed 16076K, reserved 1048576K
Event: 53.836 GC heap after
Heap after GC invocations=60 (full 0):
 garbage-first heap   total 6291456K, used 1078141K [0x0000000640000000, 0x0000000642000600, 0x00000007c0000000)
  region size 32768K, 4 young (131072K), 4 survivors (131072K)
 Metaspace       used 100284K, capacity 111085K, committed 111308K, reserved 1144832K
  class space    used 13523K, capacity 16042K, committed 16076K, reserved 1048576K
}
Event: 62.870 GC heap before
{Heap before GC invocations=60 (full 0):
 garbage-first heap   total 6291456K, used 3994493K [0x0000000640000000, 0x0000000642000600, 0x00000007c0000000)
  region size 32768K, 93 young (3047424K), 4 survivors (131072K)
 Metaspace       used 100926K, capacity 111889K, committed 112204K, reserved 1144832K
  class space    used 13567K, capacity 16100K, committed 16204K, reserved 1048576K
Event: 62.904 GC heap after
Heap after GC invocations=61 (full 0):
 garbage-first heap   total 6291456K, used 1108148K [0x0000000640000000, 0x0000000642000600, 0x00000007c0000000)
  region size 32768K, 5 young (163840K), 5 survivors (163840K)
 Metaspace       used 100926K, capacity 111889K, committed 112204K, reserved 1144832K
  class space    used 13567K, capacity 16100K, committed 16204K, reserved 1048576K
}
Event: 74.928 GC heap before
{Heap before GC invocations=61 (full 0):
 garbage-first heap   total 6291456K, used 4712628K [0x0000000640000000, 0x0000000642000600, 0x00000007c0000000)
  region size 32768K, 115 young (3768320K), 5 survivors (163840K)
 Metaspace       used 101090K, capacity 112035K, committed 112204K, reserved 1144832K
  class space    used 13569K, capacity 16103K, committed 16204K, reserved 1048576K
Event: 74.949 GC heap after
Heap after GC invocations=62 (full 0):
 garbage-first heap   total 6291456K, used 1147332K [0x0000000640000000, 0x0000000642000600, 0x00000007c0000000)
  region size 32768K, 6 young (196608K), 6 survivors (196608K)
 Metaspace       used 101090K, capacity 112035K, committed 112204K, reserved 1144832K
  class space    used 13569K, capacity 16103K, committed 16204K, reserved 1048576K
}

Deoptimization events (10 events):
Event: 75.814 Thread 0x0000000027dc2000 Uncommon trap: reason=speculate_class_check action=maybe_recompile pc=0x0000000006d023f8 method=net.minecraft.pathfinding.PathNavigator.func_75501_e()V @ 68
Event: 76.663 Thread 0x0000000027dc2000 Uncommon trap: reason=unstable_if action=reinterpret pc=0x000000000605ec30 method=net.minecraft.entity.Entity.func_223307_a(Lnet/minecraft/entity/Entity;Lnet/minecraft/util/math/Vec3d;Lnet/minecraft/util/math/AxisAlignedBB;Lnet/minecraft/world/World;Lnet/m¥žÐk*S@
Event: 76.663 Thread 0x0000000027dc2000 Uncommon trap: reason=unstable_if action=reinterpret pc=0x0000000005ff3984 method=net.minecraft.entity.Entity.func_213313_a(Lnet/minecraft/util/math/Vec3d;Lnet/minecraft/util/math/AxisAlignedBB;Lnet/minecraft/world/IWorldReader;Lnet/minecraft/util/math/shaG±7Œ]-S@
Event: 76.709 Thread 0x000000003603d800 Uncommon trap: reason=unstable_if action=reinterpret pc=0x0000000005ffb964 method=java.util.concurrent.CompletableFuture.uniAccept(Ljava/util/concurrent/CompletableFuture;Ljava/util/function/Consumer;Ljava/util/concurrent/CompletableFuture$UniAccept;)Z @ 1?K¡=¨-S@
Event: 76.713 Thread 0x0000000027dc2000 Uncommon trap: reason=unstable_if action=reinterpret pc=0x0000000006947d70 method=net.minecraft.entity.Entity.func_223307_a(Lnet/minecraft/entity/Entity;Lnet/minecraft/util/math/Vec3d;Lnet/minecraft/util/math/AxisAlignedBB;Lnet/minecraft/world/World;Lnet/mÔ«v4S@
Event: 76.814 Thread 0x0000000002443800 Uncommon trap: reason=unstable_if action=reinterpret pc=0x00000000069e9878 method=net.minecraft.client.entity.player.ClientPlayerEntity.func_213287_bg()Z @ 7
Event: 77.729 Thread 0x0000000002443800 Uncommon trap: reason=unstable_if action=reinterpret pc=0x0000000006d89208 method=it.unimi.dsi.fastutil.longs.Long2ObjectOpenHashMap.remove(J)Ljava/lang/Object; @ 89
Event: 77.737 Thread 0x0000000002443800 Uncommon trap: reason=unstable_if action=reinterpret pc=0x000000000516c464 method=net.minecraft.world.lighting.SkyLightStorage.func_215522_a(Lnet/minecraft/world/lighting/LightEngine;ZZ)V @ 102
Event: 77.774 Thread 0x0000000027dc2000 Uncommon trap: reason=bimorphic action=maybe_recompile pc=0x0000000005f061c4 method=net.minecraft.util.math.shapes.VoxelShapes.func_216386_a(Lnet/minecraft/util/math/AxisAlignedBB;Lnet/minecraft/world/IWorldReader;DLnet/minecraft/util/math/shapes/ISelectio)%îŒqS@
Event: 77.774 Thread 0x0000000027dc2000 Uncommon trap: reason=class_check action=maybe_recompile pc=0x0000000004fdd364 method=net.minecraft.util.math.BlockPos$MutableBlockPos.func_218295_a(Lnet/minecraft/util/AxisRotation;III)Lnet/minecraft/util/math/BlockPos$MutableBlockPos; @ 9

Internal exceptions (10 events):
Event: 46.215 Thread 0x000000002dfa2000 Exception <a 'sun/nio/fs/WindowsException'> (0x00000007b92625e0) thrown at [C:\re\workspace\8-2-build-windows-amd64-cygwin\jdk8u51\3951\hotspot\src\share\vm\prims\jni.cpp, line 709]
Event: 47.274 Thread 0x000000002dfa2000 Exception <a 'sun/nio/fs/WindowsException'> (0x000000079e3ed1d8) thrown at [C:\re\workspace\8-2-build-windows-amd64-cygwin\jdk8u51\3951\hotspot\src\share\vm\prims\jni.cpp, line 709]
Event: 47.291 Thread 0x000000002dfa2000 Exception <a 'sun/nio/fs/WindowsException'> (0x000000079e3f8088) thrown at [C:\re\workspace\8-2-build-windows-amd64-cygwin\jdk8u51\3951\hotspot\src\share\vm\prims\jni.cpp, line 709]
Event: 48.218 Thread 0x0000000027dc2000 Implicit null exception at 0x00000000065f2677 to 0x00000000065f4c09
Event: 48.295 Thread 0x000000002dfa2000 Exception <a 'sun/nio/fs/WindowsException'> (0x000000079e3f9428) thrown at [C:\re\workspace\8-2-build-windows-amd64-cygwin\jdk8u51\3951\hotspot\src\share\vm\prims\jni.cpp, line 709]
Event: 48.297 Thread 0x000000002dfa2000 Exception <a 'sun/nio/fs/WindowsException'> (0x000000079e401d80) thrown at [C:\re\workspace\8-2-build-windows-amd64-cygwin\jdk8u51\3951\hotspot\src\share\vm\prims\jni.cpp, line 709]
Event: 71.108 Thread 0x0000000027dc2000 Implicit null exception at 0x0000000004e93890 to 0x0000000004e938d1
Event: 71.333 Thread 0x0000000027dc0800 Implicit null exception at 0x0000000005afca1a to 0x0000000005afcf3d
Event: 75.114 Thread 0x0000000002443800 Implicit null exception at 0x0000000006c5061b to 0x0000000006c50941
Event: 76.709 Thread 0x000000003603d800 Implicit null exception at 0x0000000005ffb6f1 to 0x0000000005ffb944

Events (10 events):
Event: 78.218 Thread 0x0000000026657800 flushing nmethod 0x0000000005dfcb10
Event: 78.218 Thread 0x0000000026657800 flushing nmethod 0x0000000005e069d0
Event: 78.218 Thread 0x0000000026657800 flushing nmethod 0x0000000005f5c490
Event: 78.262 Thread 0x0000000026657800 flushing nmethod 0x00000000062bf190
Event: 78.262 Thread 0x0000000026657800 flushing nmethod 0x00000000066fed10
Event: 78.262 Thread 0x0000000026657800 flushing nmethod 0x0000000006801fd0
Event: 78.263 Thread 0x0000000026657800 flushing nmethod 0x0000000006a88a10
Event: 78.263 Thread 0x0000000026657800 flushing nmethod 0x0000000006af7090
Event: 78.263 Thread 0x0000000026657800 flushing nmethod 0x0000000006b576d0
Event: 78.263 Thread 0x0000000026657800 flushing nmethod 0x0000000006b5acd0


Dynamic libraries:
0x00007ff6e8700000 - 0x00007ff6e8737000 	C:\Program Files (x86)\Minecraft Launcher\runtime\jre-x64\bin\javaw.exe
0x00007ff8f0e20000 - 0x00007ff8f1010000 	C:\Windows\SYSTEM32\ntdll.dll
0x00007ff8ce330000 - 0x00007ff8ce343000 	C:\Program Files\AVG\Antivirus\aswhook.dll
0x00007ff8f0630000 - 0x00007ff8f06e2000 	C:\Windows\System32\KERNEL32.DLL
0x00007ff8edf40000 - 0x00007ff8ee1e3000 	C:\Windows\System32\KERNELBASE.dll
0x00007ff8ebe90000 - 0x00007ff8ebf1f000 	C:\Windows\SYSTEM32\apphelp.dll
0x00007ff8b58b0000 - 0x00007ff8b5d42000 	C:\Windows\SYSTEM32\AcLayers.DLL
0x00007ff8ef1d0000 - 0x00007ff8ef26e000 	C:\Windows\System32\msvcrt.dll
0x00007ff8efc60000 - 0x00007ff8efdf4000 	C:\Windows\System32\USER32.dll
0x00007ff8ede10000 - 0x00007ff8ede31000 	C:\Windows\System32\win32u.dll
0x00007ff8ef420000 - 0x00007ff8ef446000 	C:\Windows\System32\GDI32.dll
0x00007ff8ee2e0000 - 0x00007ff8ee474000 	C:\Windows\System32\gdi32full.dll
0x00007ff8ee1f0000 - 0x00007ff8ee28e000 	C:\Windows\System32\msvcp_win.dll
0x00007ff8ede40000 - 0x00007ff8edf3a000 	C:\Windows\System32\ucrtbase.dll
0x00007ff8eef50000 - 0x00007ff8eefa2000 	C:\Windows\System32\SHLWAPI.dll
0x00007ff8eff30000 - 0x00007ff8f0266000 	C:\Windows\System32\combase.dll
0x00007ff8f0270000 - 0x00007ff8f0390000 	C:\Windows\System32\RPCRT4.dll
0x00007ff8ee480000 - 0x00007ff8ee500000 	C:\Windows\System32\bcryptPrimitives.dll
0x00007ff8eefc0000 - 0x00007ff8ef063000 	C:\Windows\System32\ADVAPI32.dll
0x00007ff8ef450000 - 0x00007ff8ef4e7000 	C:\Windows\System32\sechost.dll
0x0000000000570000 - 0x0000000000573000 	C:\Windows\SYSTEM32\sfc.dll
0x00007ff8d1150000 - 0x00007ff8d11d9000 	C:\Windows\SYSTEM32\WINSPOOL.DRV
0x00007ff8edd40000 - 0x00007ff8edd51000 	C:\Windows\System32\kernel.appcore.dll
0x00007ff8ee5b0000 - 0x00007ff8ee5d6000 	C:\Windows\System32\bcrypt.dll
0x00007ff8ea510000 - 0x00007ff8ea5ff000 	C:\Windows\SYSTEM32\PROPSYS.dll
0x00007ff8f0560000 - 0x00007ff8f0624000 	C:\Windows\System32\OLEAUT32.dll
0x00007ff8ef5e0000 - 0x00007ff8ef689000 	C:\Windows\System32\shcore.dll
0x00007ff8ed260000 - 0x00007ff8ed29a000 	C:\Windows\SYSTEM32\IPHLPAPI.DLL
0x00007ff8ce4f0000 - 0x00007ff8ce501000 	C:\Windows\SYSTEM32\sfc_os.DLL
0x00007ff8e6430000 - 0x00007ff8e648d000 	C:\Windows\SYSTEM32\AcGenral.DLL
0x00007ff8ef690000 - 0x00007ff8ef7e7000 	C:\Windows\System32\ole32.dll
0x00007ff8f06f0000 - 0x00007ff8f0dd5000 	C:\Windows\System32\SHELL32.dll
0x00007ff8ee290000 - 0x00007ff8ee2da000 	C:\Windows\System32\cfgmgr32.dll
0x00007ff8ee5e0000 - 0x00007ff8eed60000 	C:\Windows\System32\windows.storage.dll
0x00007ff8edd60000 - 0x00007ff8edd83000 	C:\Windows\System32\profapi.dll
0x00007ff8edcf0000 - 0x00007ff8edd3a000 	C:\Windows\System32\powrprof.dll
0x00007ff8edce0000 - 0x00007ff8edcf0000 	C:\Windows\System32\UMPDC.dll
0x00007ff8eeeb0000 - 0x00007ff8eeec7000 	C:\Windows\System32\cryptsp.dll
0x00007ff8edbd0000 - 0x00007ff8edbf5000 	C:\Windows\SYSTEM32\USERENV.dll
0x00007ff8cd480000 - 0x00007ff8cd49b000 	C:\Windows\SYSTEM32\MPR.dll
0x00007ff8edc00000 - 0x00007ff8edc2f000 	C:\Windows\SYSTEM32\SspiCli.dll
0x00007ff8ef070000 - 0x00007ff8ef09e000 	C:\Windows\System32\IMM32.DLL
0x00007ff8df7d0000 - 0x00007ff8dfa55000 	C:\Windows\WinSxS\amd64_microsoft.windows.common-controls_6595b64144ccf1df_6.0.18362.752_none_e6c0b5ed1312b70c\COMCTL32.dll
0x000000006fa50000 - 0x000000006fb22000 	C:\Program Files (x86)\Minecraft Launcher\runtime\jre-x64\bin\msvcr100.dll
0x000000006f1c0000 - 0x000000006fa43000 	C:\Program Files (x86)\Minecraft Launcher\runtime\jre-x64\bin\server\jvm.dll
0x00007ff8eefb0000 - 0x00007ff8eefb8000 	C:\Windows\System32\PSAPI.DLL
0x00007ff8ddfa0000 - 0x00007ff8ddfa9000 	C:\Windows\SYSTEM32\WSOCK32.dll
0x00007ff8ef4f0000 - 0x00007ff8ef55f000 	C:\Windows\System32\WS2_32.dll
0x00007ff8ebc50000 - 0x00007ff8ebc74000 	C:\Windows\SYSTEM32\WINMM.dll
0x00007ff8e7f70000 - 0x00007ff8e7f7a000 	C:\Windows\SYSTEM32\VERSION.dll
0x00007ff8eb7d0000 - 0x00007ff8eb7fd000 	C:\Windows\SYSTEM32\WINMMBASE.dll
0x000000006f1b0000 - 0x000000006f1bf000 	C:\Program Files (x86)\Minecraft Launcher\runtime\jre-x64\bin\verify.dll
0x000000006f180000 - 0x000000006f1a9000 	C:\Program Files (x86)\Minecraft Launcher\runtime\jre-x64\bin\java.dll
0x000000006f160000 - 0x000000006f176000 	C:\Program Files (x86)\Minecraft Launcher\runtime\jre-x64\bin\zip.dll
0x000000006f150000 - 0x000000006f15d000 	C:\Program Files (x86)\Minecraft Launcher\runtime\jre-x64\bin\management.dll
0x000000006f130000 - 0x000000006f14a000 	C:\Program Files (x86)\Minecraft Launcher\runtime\jre-x64\bin\net.dll
0x00007ff8ed550000 - 0x00007ff8ed5b7000 	C:\Windows\system32\mswsock.dll
0x00007ff8d9b70000 - 0x00007ff8d9b86000 	C:\Windows\system32\napinsp.dll
0x00007ff8d9b50000 - 0x00007ff8d9b6a000 	C:\Windows\system32\pnrpnsp.dll
0x00007ff8ed2a0000 - 0x00007ff8ed36a000 	C:\Windows\SYSTEM32\DNSAPI.dll
0x00007ff8efe70000 - 0x00007ff8efe78000 	C:\Windows\System32\NSI.dll
0x00007ff8d9840000 - 0x00007ff8d984e000 	C:\Windows\System32\winrnr.dll
0x00007ff8ea4f0000 - 0x00007ff8ea50c000 	C:\Windows\system32\NLAapi.dll
0x00007ff8d9820000 - 0x00007ff8d9835000 	C:\Windows\system32\wshbth.dll
0x00007ff8de6e0000 - 0x00007ff8de6ea000 	C:\Windows\System32\rasadhlp.dll
0x00007ff8e7b30000 - 0x00007ff8e7ba7000 	C:\Windows\System32\fwpuclnt.dll
0x000000006f110000 - 0x000000006f121000 	C:\Program Files (x86)\Minecraft Launcher\runtime\jre-x64\bin\nio.dll
0x000000006f0e0000 - 0x000000006f104000 	C:\Program Files (x86)\Minecraft Launcher\runtime\jre-x64\bin\sunec.dll
0x00007ff8ed0c0000 - 0x00007ff8ed0f3000 	C:\Windows\system32\rsaenh.dll
0x00007ff8ed720000 - 0x00007ff8ed72c000 	C:\Windows\SYSTEM32\CRYPTBASE.dll
0x00007ff8da4b0000 - 0x00007ff8da522000 	C:\Users\William Smith\AppData\Roaming\.minecraft\bin\fbdc-5f4c-574e-8c5b\lwjgl.dll
0x00007ff8b43d0000 - 0x00007ff8b4621000 	C:\Users\William Smith\AppData\Roaming\.minecraft\bin\fbdc-5f4c-574e-8c5b\jemalloc.dll
0x00007ff8da450000 - 0x00007ff8da4ae000 	C:\Users\William Smith\AppData\Roaming\.minecraft\bin\fbdc-5f4c-574e-8c5b\glfw.dll
0x00007ff8ec060000 - 0x00007ff8ec0f9000 	C:\Windows\system32\uxtheme.dll
0x00007ff8edae0000 - 0x00007ff8edb0a000 	C:\Windows\SYSTEM32\DEVOBJ.dll
0x00007ff8ec480000 - 0x00007ff8ec4ad000 	C:\Windows\SYSTEM32\dwmapi.dll
0x00007ff8e5610000 - 0x00007ff8e572a000 	C:\Windows\SYSTEM32\inputhost.dll
0x00007ff8eb800000 - 0x00007ff8eb8d4000 	C:\Windows\SYSTEM32\CoreMessaging.dll
0x00007ff8e97d0000 - 0x00007ff8e9afa000 	C:\Windows\SYSTEM32\CoreUIComponents.dll
0x00007ff8e9470000 - 0x00007ff8e95c3000 	C:\Windows\SYSTEM32\wintypes.dll
0x00007ff8ecd40000 - 0x00007ff8ecd71000 	C:\Windows\SYSTEM32\ntmarta.dll
0x00007ff8f0420000 - 0x00007ff8f0556000 	C:\Windows\System32\MSCTF.dll
0x00007ff8ef7f0000 - 0x00007ff8efc60000 	C:\Windows\System32\SETUPAPI.DLL
0x00007ff8eddb0000 - 0x00007ff8ede0c000 	C:\Windows\System32\WINTRUST.dll
0x00007ff8edd90000 - 0x00007ff8edda2000 	C:\Windows\System32\MSASN1.dll
0x00007ff8eed60000 - 0x00007ff8eeea9000 	C:\Windows\System32\CRYPT32.dll
0x00007ff8d61d0000 - 0x00007ff8d6326000 	C:\Windows\SYSTEM32\opengl32.dll
0x00007ff8ddfc0000 - 0x00007ff8ddfec000 	C:\Windows\SYSTEM32\GLU32.dll
0x00007ff8ec950000 - 0x00007ff8ec970000 	C:\Windows\SYSTEM32\dxcore.dll
0x00007ff8ab1c0000 - 0x00007ff8ad8e4000 	C:\Windows\System32\DriverStore\FileRepository\nv_dispi.inf_amd64_5287c583fc2a7e41\nvoglv64.dll
0x00007ff8ea7f0000 - 0x00007ff8ea803000 	C:\Windows\SYSTEM32\WTSAPI32.dll
0x00007ff8b2850000 - 0x00007ff8b2b14000 	C:\Windows\system32\nvspcap64.dll
0x00007ff8ecf90000 - 0x00007ff8ecfec000 	C:\Windows\SYSTEM32\WINSTA.dll
0x00007ff8e5730000 - 0x00007ff8e57ce000 	C:\Windows\System32\TextInputFramework.dll
0x00007ff8e3bb0000 - 0x00007ff8e3e56000 	C:\Windows\System32\iertutil.dll
0x00007ff8da3f0000 - 0x00007ff8da448000 	C:\Users\William Smith\AppData\Roaming\.minecraft\bin\fbdc-5f4c-574e-8c5b\lwjgl_opengl.dll
0x00007ff8d9680000 - 0x00007ff8d96ff000 	C:\Users\William Smith\AppData\Roaming\.minecraft\bin\fbdc-5f4c-574e-8c5b\lwjgl_stb.dll
0x00007ff8e7340000 - 0x00007ff8e7383000 	C:\Windows\SYSTEM32\dinput8.dll
0x00007ff8def60000 - 0x00007ff8def71000 	C:\Windows\SYSTEM32\xinput1_4.dll
0x00007ff8ec8f0000 - 0x00007ff8ec8fe000 	C:\Windows\SYSTEM32\HID.DLL
0x00007ff8e87b0000 - 0x00007ff8e885e000 	C:\Windows\SYSTEM32\mscms.dll
0x00007ff8e8790000 - 0x00007ff8e87a7000 	C:\Windows\SYSTEM32\ColorAdapterClient.dll
0x00007ff8da350000 - 0x00007ff8da393000 	C:\Windows\SYSTEM32\icm32.dll
0x00007ff8d9630000 - 0x00007ff8d9672000 	C:\Users\William Smith\AppData\Local\Temp\jna-61195942\jna4919930019837310695.dll
0x00007ff8e62f0000 - 0x00007ff8e630a000 	C:\Users\William Smith\AppData\Roaming\.minecraft\bin\fbdc-5f4c-574e-8c5b\SAPIWrapper_x64.dll
0x00007ff8efe80000 - 0x00007ff8eff22000 	C:\Windows\System32\clbcatq.dll
0x00007ff8b5730000 - 0x00007ff8b58af000 	C:\Windows\System32\Speech\Common\sapi.dll
0x00007ff8d0750000 - 0x00007ff8d076c000 	C:\Windows\SYSTEM32\MSACM32.dll
0x00007ff8e7fd0000 - 0x00007ff8e7fdb000 	C:\Windows\SYSTEM32\msdmo.dll
0x00007ff8e5930000 - 0x00007ff8e59a2000 	C:\Windows\System32\MMDevApi.dll
0x000000006ef40000 - 0x000000006f0d8000 	C:\Program Files (x86)\Minecraft Launcher\runtime\jre-x64\bin\awt.dll
0x00007ff8b5470000 - 0x00007ff8b5584000 	C:\Users\William Smith\AppData\Roaming\.minecraft\bin\fbdc-5f4c-574e-8c5b\OpenAL.dll
0x00007ff8e5c40000 - 0x00007ff8e5d9d000 	C:\Windows\SYSTEM32\AUDIOSES.DLL
0x00007ff8ec390000 - 0x00007ff8ec3a4000 	C:\Windows\SYSTEM32\resourcepolicyclient.dll
0x00007ff8e8750000 - 0x00007ff8e8766000 	C:\Windows\SYSTEM32\dhcpcsvc6.DLL
0x00007ff8e8920000 - 0x00007ff8e893c000 	C:\Windows\SYSTEM32\dhcpcsvc.DLL
0x00007ff8e5ec0000 - 0x00007ff8e60b4000 	C:\Windows\SYSTEM32\dbghelp.dll

VM Arguments:
jvm_args: -XX:HeapDumpPath=MojangTricksIntelDriversForPerformance_javaw.exe_minecraft.exe.heapdump -Dos.name=Windows 10 -Dos.version=10.0 -Xss1M -Djava.library.path=C:\Users\William Smith\AppData\Roaming\.minecraft\bin\fbdc-5f4c-574e-8c5b -Dminecraft.launcher.brand=minecraft-launcher -Dminecraft.launcher.version=2.1.13508 -Xmx6G -XX:+UnlockExperimentalVMOptions -XX:+UseG1GC -XX:G1NewSizePercent=20 -XX:G1ReservePercent=20 -XX:MaxGCPauseMillis=50 -XX:G1HeapRegionSize=32M 
java_command: cpw.mods.modlauncher.Launcher --username WinterySnowall --version 1.14.4-forge-28.1.56 --gameDir C:\Users\William Smith\AppData\Roaming\.minecraft --assetsDir C:\Users\William Smith\AppData\Roaming\.minecraft\assets --assetIndex 1.14 --uuid dc18756b67ce485eadffa960123299b7 --accessToken eyJhbGciOiJIUzI1NiJ9.eyJzdWIiOiIzMDdmMjBiOTZhZDRmMWYzNWM1ZTVmZGQ0YmFiNzBhNyIsInlnZ3QiOiIwODdiODhhMzQ4N2Q0YzhhODdmOWEzNzk5NDUxYmIxNSIsInNwciI6ImRjMTg3NTZiNjdjZTQ4NWVhZGZmYTk2MDEyMzI5OWI3IiwiaXNzIjoiWWdnZHJhc2lsLUF1dGgiLCJleHAiOjE1ODY0MDk3NzAsImlhdCI6MTU4NjIzNjk3MH0.qhDQZ4NssW-UhQkMRHX7Zzph885_ohO07RdBRXjKJ0Q --userType mojang --versionType release --width 1920 --height 1080 --launchTarget fmlclient --fml.forgeVersion 28.1.56 --fml.mcVersion 1.14.4 --fml.forgeGroup net.minecraftforge --fml.mcpVersion 20190829.143755
java_class_path (initial): C:\Users\William Smith\AppData\Roaming\.minecraft\libraries\net\minecraftforge\forge\1.14.4-28.1.56\forge-1.14.4-28.1.56.jar;C:\Users\William Smith\AppData\Roaming\.minecraft\libraries\org\ow2\asm\asm\6.2\asm-6.2.jar;C:\Users\William Smith\AppData\Roaming\.minecraft\libraries\org\ow2\asm\asm-commons\6.2\asm-commons-6.2.jar;C:\Users\William Smith\AppData\Roaming\.minecraft\libraries\org\ow2\asm\asm-tree\6.2\asm-tree-6.2.jar;C:\Users\William Smith\AppData\Roaming\.minecraft\libraries\cpw\mods\modlauncher\4.1.0\modlauncher-4.1.0.jar;C:\Users\William Smith\AppData\Roaming\.minecraft\libraries\cpw\mods\grossjava9hacks\1.1.0\grossjava9hacks-1.1.0.jar;C:\Users\William Smith\AppData\Roaming\.minecraft\libraries\net\minecraftforge\accesstransformers\1.0.0-shadowed\accesstransformers-1.0.0-shadowed.jar;C:\Users\William Smith\AppData\Roaming\.minecraft\libraries\net\minecraftforge\eventbus\1.0.0-service\eventbus-1.0.0-service.jar;C:\Users\William Smith\AppData\Roaming\.minecraft\libraries\net\minecraftforge\forgespi\1.4.0\forgespi-1.4.0.jar;C:\Users\William Smith\AppData\Roaming\.minecraft\libraries\net\minecraftforge\coremods\1.0.0\coremods-1.0.0.jar;C:\Users\William Smith\AppData\Roaming\.minecraft\libraries\net\minecraftforge\unsafe\0.2.0\unsafe-0.2.0.jar;C:\Users\William Smith\AppData\Roaming\.minecraft\libraries\com\electronwill\night-config\core\3.6.0\core-3.6.0.jar;C:\Users\William Smith\AppData\Roaming\.minecraft\libraries\com\electronwill\night-config\toml\3.6.0\toml-3.6.0.jar;C:\Users\William Smith\AppData\Roaming\.minecraft\libraries\org\jline\jline\3.12.1\jline-3.12.1.jar;C:\Users\William Smith\AppData\Roaming\.minecraft\libraries\org\apache\maven\maven-artifact\3.6.0\maven-artifact-3.6.0.jar;C:\Users\William Smith\AppData\Roaming\.minecraft\libraries\net\jodah\typetools\0.6.0\typetools-0.6.0.jar;C:\Users\William Smith\AppData\Roaming\.minecraft\libraries\java3d\vecmath\1.5.2\vecmath-1.5.2.jar;C:\Users\William Smith\AppData\Roaming\.min
Launcher Type: SUN_STANDARD

Environment Variables:
PATH=C:\Program Files (x86)\Common Files\Oracle\Java\javapath;C:\Windows\system32;C:\Windows;C:\Windows\System32\Wbem;C:\Windows\System32\WindowsPowerShell\v1.0\;C:\Windows\System32\OpenSSH\;C:\Program Files (x86)\NVIDIA Corporation\PhysX\Common;C:\Program Files\NVIDIA Corporation\NVIDIA NvDLISR;C:\Users\William Smith\AppData\Local\Microsoft\WindowsApps;
USERNAME=William Smith
OS=Windows_NT
PROCESSOR_IDENTIFIER=AMD64 Family 23 Model 113 Stepping 0, AuthenticAMD



---------------  S Y S T E M  ---------------

OS: Windows 10.0 , 64 bit Build 18362 (10.0.18362.752)

CPU:total 12 (12 cores per cpu, 1 threads per core) family 23 model 113 stepping 0, cmov, cx8, fxsr, mmx, sse, sse2, sse3, ssse3, sse4.1, sse4.2, popcnt, avx, avx2, aes, clmul, mmxext, 3dnowpref, lzcnt, sse4a, tsc, tscinvbit, tscinv, bmi1

Memory: 4k page, physical 16725216k(5040204k free), swap 20919520k(4876284k free)

vm_info: Java HotSpot(TM) 64-Bit Server VM (25.51-b03) for windows-amd64 JRE (1.8.0_51-b16), built on Jun  8 2015 18:03:07 by "java_re" with MS VC++ 10.0 (VS2010)

time: Tue Apr 07 03:50:25 2020
elapsed time: 78 seconds (0d 0h 1m 18s)

